<?xml version="1.0" encoding="UTF-8"?>
  <testsuites tests="86" disabled="15" errors="1" failures="0" time="4181.581642845">
      <testsuite name="Operator Suite EE" package="/home/runner/work/hazelcast-platform-operator/hazelcast-platform-operator/test/e2e" tests="86" disabled="0" skipped="15" errors="1" failures="0" time="4181.581642845" timestamp="2023-02-24T09:44:29">
          <properties>
              <property name="SuiteSucceeded" value="false"></property>
              <property name="SuiteHasProgrammaticFocus" value="false"></property>
              <property name="SpecialSuiteFailureReason" value="Interrupted by Timeout"></property>
              <property name="SuiteLabels" value="[]"></property>
              <property name="RandomSeed" value="1677231795"></property>
              <property name="RandomizeAllSpecs" value="false"></property>
              <property name="LabelFilter" value="(slow || fast) &amp;&amp; hz || mc || hz_persistence || hz_expose_externally || map || map_persistence || cache_persistence || hz_wan || custom_class || multimap || topic || replicatedmap || queue || cache"></property>
              <property name="FocusStrings" value=""></property>
              <property name="SkipStrings" value=""></property>
              <property name="FocusFiles" value=""></property>
              <property name="SkipFiles" value=""></property>
              <property name="FailOnPending" value="false"></property>
              <property name="FailFast" value="false"></property>
              <property name="FlakeAttempts" value="2"></property>
              <property name="EmitSpecProgress" value="true"></property>
              <property name="DryRun" value="false"></property>
              <property name="ParallelTotal" value="4"></property>
              <property name="OutputInterceptorMode" value="none"></property>
          </properties>
          <testcase name="[SynchronizedBeforeSuite]" classname="Operator Suite EE" status="passed" time="3.761131138">
              <system-out>&#xA;Report Entries:&#xA;By Step&#xA;/home/runner/work/hazelcast-platform-operator/hazelcast-platform-operator/test/e2e/e2e_suite_test.go:65&#xA;2023-02-24T09:44:30.423626636Z&#xA;&amp;{Text:bootstrapping test environment Duration:0s}&#xA;--&#xA;By Step&#xA;/home/runner/work/hazelcast-platform-operator/hazelcast-platform-operator/test/e2e/e2e_suite_test.go:65&#xA;2023-02-24T09:44:32.395700963Z&#xA;&amp;{Text:bootstrapping test environment Duration:0s}&#xA;</system-out>
              <system-err>[SynchronizedBeforeSuite] TOP-LEVEL&#xA;  /home/runner/work/hazelcast-platform-operator/hazelcast-platform-operator/test/e2e/e2e_suite_test.go:40&#xA;�[1mSTEP:�[0m bootstrapping test environment �[38;5;243m02/24/23 09:44:30.423�[0m&#xA;[SynchronizedBeforeSuite] TOP-LEVEL&#xA;  /home/runner/work/hazelcast-platform-operator/hazelcast-platform-operator/test/e2e/e2e_suite_test.go:40&#xA;�[1mSTEP:�[0m bootstrapping test environment �[38;5;243m02/24/23 09:44:32.395�[0m&#xA;</system-err>
          </testcase>
          <testcase name="[It] Hazelcast CR with Persistence feature enabled should successfully trigger HotBackup [hz_persistence, slow]" classname="Operator Suite EE" status="passed" time="134.364269048">
              <system-out>&#xA;Report Entries:&#xA;By Step&#xA;/home/runner/work/hazelcast-platform-operator/hazelcast-platform-operator/test/e2e/hazelcast_persistence_test.go:29&#xA;2023-02-24T09:44:34.187497331Z&#xA;&amp;{Text:checking hazelcast-platform-controller-manager running Duration:69.234844ms}&#xA;--&#xA;By Step&#xA;/home/runner/work/hazelcast-platform-operator/hazelcast-platform-operator/test/e2e/custom_resource_test.go:55&#xA;2023-02-24T09:44:34.256758276Z&#xA;&amp;{Text:setting the label and CR with name &#39;hp-1-d2k3z1&#39; Duration:0s}&#xA;--&#xA;CR_ID:hp-1-d2k3z1&#xA;/home/runner/work/hazelcast-platform-operator/hazelcast-platform-operator/test/e2e/custom_resource_test.go:73&#xA;2023-02-24T09:44:34.256887078Z&#xA;--&#xA;By Step&#xA;/home/runner/work/hazelcast-platform-operator/hazelcast-platform-operator/test/e2e/helpers_test.go:106&#xA;2023-02-24T09:44:34.256892178Z&#xA;&amp;{Text:creating Hazelcast CR Duration:204.543866ms}&#xA;--&#xA;By Step&#xA;/home/runner/work/hazelcast-platform-operator/hazelcast-platform-operator/test/e2e/helpers_test.go:111&#xA;2023-02-24T09:44:34.461436944Z&#xA;&amp;{Text:checking Hazelcast CR running Duration:1m54.986858089s}&#xA;--&#xA;By Step&#xA;/home/runner/work/hazelcast-platform-operator/hazelcast-platform-operator/test/e2e/helpers_test.go:394&#xA;2023-02-24T09:46:29.448300334Z&#xA;&amp;{Text:evaluate number of ready members for lookup name &#39;hp-1-d2k3z1&#39; and &#39;test-operator-ee&#39; namespace Duration:10.093111337s}&#xA;--&#xA;By Step&#xA;/home/runner/work/hazelcast-platform-operator/hazelcast-platform-operator/test/e2e/hazelcast_persistence_test.go:64&#xA;2023-02-24T09:46:39.541413271Z&#xA;&amp;{Text:creating HotBackup CR Duration:0s}&#xA;--&#xA;By Step&#xA;/home/runner/work/hazelcast-platform-operator/hazelcast-platform-operator/test/e2e/hazelcast_persistence_test.go:69&#xA;2023-02-24T09:46:39.633461228Z&#xA;&amp;{Text:checking the HotBackup creation sequence Duration:0s}&#xA;--&#xA;By Step&#xA;/home/runner/work/hazelcast-platform-operator/hazelcast-platform-operator/test/e2e/helpers_test.go:77&#xA;2023-02-24T09:46:39.633567832Z&#xA;&amp;{Text:getting Hazelcast logs Duration:152.426922ms}&#xA;--&#xA;By Step&#xA;/home/runner/work/hazelcast-platform-operator/hazelcast-platform-operator/test/e2e/helpers_test.go:720&#xA;2023-02-24T09:46:40.204243125Z&#xA;&amp;{Text:waiting for HotBackup CR status to be Success Duration:1.433132495s}&#xA;</system-out>
              <system-err>[BeforeEach] Hazelcast CR with Persistence feature enabled&#xA;  /home/runner/work/hazelcast-platform-operator/hazelcast-platform-operator/test/e2e/hazelcast_persistence_test.go:22&#xA;�[1mSTEP:�[0m checking hazelcast-platform-controller-manager running �[38;5;243m02/24/23 09:44:34.187�[0m&#xA;[It] should successfully trigger HotBackup&#xA;  /home/runner/work/hazelcast-platform-operator/hazelcast-platform-operator/test/e2e/hazelcast_persistence_test.go:52&#xA;�[1mSTEP:�[0m setting the label and CR with name &#39;hp-1-d2k3z1&#39; �[38;5;243m02/24/23 09:44:34.256�[0m&#xA;�[1mSTEP:�[0m creating Hazelcast CR �[38;5;243m02/24/23 09:44:34.256�[0m&#xA;�[1mSTEP:�[0m checking Hazelcast CR running �[38;5;243m02/24/23 09:44:34.461�[0m&#xA;�[1mSTEP:�[0m evaluate number of ready members for lookup name &#39;hp-1-d2k3z1&#39; and &#39;test-operator-ee&#39; namespace �[38;5;243m02/24/23 09:46:29.448�[0m&#xA;�[1mSTEP:�[0m creating HotBackup CR �[38;5;243m02/24/23 09:46:39.541�[0m&#xA;�[1mSTEP:�[0m checking the HotBackup creation sequence �[38;5;243m02/24/23 09:46:39.633�[0m&#xA;�[1mSTEP:�[0m getting Hazelcast logs �[38;5;243m02/24/23 09:46:39.633�[0m&#xA;�[1mSTEP:�[0m waiting for HotBackup CR status to be Success �[38;5;243m02/24/23 09:46:40.204�[0m&#xA;[AfterEach] Hazelcast CR with Persistence feature enabled&#xA;  /home/runner/work/hazelcast-platform-operator/hazelcast-platform-operator/test/e2e/hazelcast_persistence_test.go:37&#xA;Aftereach start time is 2023-02-24 09:46:41.637445522 +0000 UTC m=+182.991262206&#xA;Aftereach end time is 2023-02-24 09:46:48.551695377 +0000 UTC m=+189.905512061&#xA;</system-err>
          </testcase>
          <testcase name="[It] Hazelcast CR with Persistence feature enabled Should successfully restore from ExternalBackup-PVC using AWS S3 bucket HotBackupResourceName [hz_persistence, slow]" classname="Operator Suite EE" status="passed" time="279.740515976">
              <system-out>&#xA;Report Entries:&#xA;By Step&#xA;/home/runner/work/hazelcast-platform-operator/hazelcast-platform-operator/test/e2e/hazelcast_persistence_test.go:29&#xA;2023-02-24T09:46:48.553301241Z&#xA;&amp;{Text:checking hazelcast-platform-controller-manager running Duration:71.254227ms}&#xA;--&#xA;By Step&#xA;/home/runner/work/hazelcast-platform-operator/hazelcast-platform-operator/test/e2e/custom_resource_test.go:55&#xA;2023-02-24T09:46:48.624633671Z&#xA;&amp;{Text:setting the label and CR with name &#39;hp-6-e0aicf&#39; Duration:0s}&#xA;--&#xA;CR_ID:hp-6-e0aicf&#xA;/home/runner/work/hazelcast-platform-operator/hazelcast-platform-operator/test/e2e/custom_resource_test.go:73&#xA;2023-02-24T09:46:48.624755276Z&#xA;--&#xA;By Step&#xA;/home/runner/work/hazelcast-platform-operator/hazelcast-platform-operator/test/e2e/hazelcast_persistence_test.go:208&#xA;2023-02-24T09:46:48.624756076Z&#xA;&amp;{Text:creating cluster with backup enabled Duration:0s}&#xA;--&#xA;By Step&#xA;/home/runner/work/hazelcast-platform-operator/hazelcast-platform-operator/test/e2e/hazelcast_persistence_test.go:155&#xA;2023-02-24T09:46:48.624830079Z&#xA;&amp;{Text:creating cluster with backup enabled Duration:0s}&#xA;--&#xA;By Step&#xA;/home/runner/work/hazelcast-platform-operator/hazelcast-platform-operator/test/e2e/helpers_test.go:106&#xA;2023-02-24T09:46:48.624875481Z&#xA;&amp;{Text:creating Hazelcast CR Duration:91.279522ms}&#xA;--&#xA;By Step&#xA;/home/runner/work/hazelcast-platform-operator/hazelcast-platform-operator/test/e2e/helpers_test.go:111&#xA;2023-02-24T09:46:48.716156403Z&#xA;&amp;{Text:checking Hazelcast CR running Duration:1m28.238816957s}&#xA;--&#xA;By Step&#xA;/home/runner/work/hazelcast-platform-operator/hazelcast-platform-operator/test/e2e/helpers_test.go:394&#xA;2023-02-24T09:48:16.95497956Z&#xA;&amp;{Text:evaluate number of ready members for lookup name &#39;hp-6-e0aicf&#39; and &#39;test-operator-ee&#39; namespace Duration:10.222850434s}&#xA;--&#xA;By Step&#xA;/home/runner/work/hazelcast-platform-operator/hazelcast-platform-operator/test/e2e/hazelcast_persistence_test.go:159&#xA;2023-02-24T09:48:27.177832194Z&#xA;&amp;{Text:creating the map config and adding entries Duration:0s}&#xA;--&#xA;By Step&#xA;/home/runner/work/hazelcast-platform-operator/hazelcast-platform-operator/test/e2e/helpers_test.go:424&#xA;2023-02-24T09:48:27.283935748Z&#xA;&amp;{Text:waiting for Map CR status Duration:580.749955ms}&#xA;--&#xA;By Step&#xA;/home/runner/work/hazelcast-platform-operator/hazelcast-platform-operator/test/e2e/client_port_forward_test.go:20&#xA;2023-02-24T09:48:27.864694403Z&#xA;&amp;{Text:filling the &#39;hp-6-e0aicf&#39; map with &#39;10&#39; entries using &#39;hp-6-e0aicf&#39; lookup name and &#39;test-operator-ee&#39; namespace Duration:1.825722555s}&#xA;--&#xA;By Step&#xA;/home/runner/work/hazelcast-platform-operator/hazelcast-platform-operator/test/e2e/helpers_test.go:525&#xA;2023-02-24T09:48:28.141997803Z&#xA;&amp;{Text:creating Hazelcast client using address &#39;localhost:8401&#39; Duration:277.564964ms}&#xA;--&#xA;By Step&#xA;/home/runner/work/hazelcast-platform-operator/hazelcast-platform-operator/test/e2e/hazelcast_persistence_test.go:165&#xA;2023-02-24T09:48:29.690419758Z&#xA;&amp;{Text:triggering backup Duration:0s}&#xA;--&#xA;By Step&#xA;/home/runner/work/hazelcast-platform-operator/hazelcast-platform-operator/test/e2e/helpers_test.go:720&#xA;2023-02-24T09:48:29.777207155Z&#xA;&amp;{Text:waiting for HotBackup CR status to be Success Duration:2.640479108s}&#xA;--&#xA;By Step&#xA;/home/runner/work/hazelcast-platform-operator/hazelcast-platform-operator/test/e2e/hazelcast_persistence_test.go:170&#xA;2023-02-24T09:48:32.417687864Z&#xA;&amp;{Text:checking if backup status is correct Duration:0s}&#xA;--&#xA;By Step&#xA;/home/runner/work/hazelcast-platform-operator/hazelcast-platform-operator/test/e2e/helpers_test.go:54&#xA;2023-02-24T09:48:32.417792266Z&#xA;&amp;{Text:finding Backup sequence Duration:201.007251ms}&#xA;--&#xA;By Step&#xA;/home/runner/work/hazelcast-platform-operator/hazelcast-platform-operator/test/e2e/helpers_test.go:77&#xA;2023-02-24T09:48:32.417833368Z&#xA;&amp;{Text:getting Hazelcast logs Duration:145.196309ms}&#xA;--&#xA;By Step&#xA;/home/runner/work/hazelcast-platform-operator/hazelcast-platform-operator/test/e2e/hazelcast_persistence_test.go:173&#xA;2023-02-24T09:48:32.618830117Z&#xA;&amp;{Text:adding new entries after backup Duration:0s}&#xA;--&#xA;By Step&#xA;/home/runner/work/hazelcast-platform-operator/hazelcast-platform-operator/test/e2e/client_port_forward_test.go:20&#xA;2023-02-24T09:48:32.61893792Z&#xA;&amp;{Text:filling the &#39;hp-6-e0aicf&#39; map with &#39;15&#39; entries using &#39;hp-6-e0aicf&#39; lookup name and &#39;test-operator-ee&#39; namespace Duration:1.844813873s}&#xA;--&#xA;By Step&#xA;/home/runner/work/hazelcast-platform-operator/hazelcast-platform-operator/test/e2e/helpers_test.go:525&#xA;2023-02-24T09:48:32.888646293Z&#xA;&amp;{Text:creating Hazelcast client using address &#39;localhost:8401&#39; Duration:283.657906ms}&#xA;--&#xA;By Step&#xA;/home/runner/work/hazelcast-platform-operator/hazelcast-platform-operator/test/e2e/hazelcast_persistence_test.go:176&#xA;2023-02-24T09:48:34.463754893Z&#xA;&amp;{Text:removing Hazelcast CR Duration:0s}&#xA;--&#xA;By Step&#xA;/home/runner/work/hazelcast-platform-operator/hazelcast-platform-operator/test/e2e/helpers_test.go:156&#xA;2023-02-24T09:48:34.463926599Z&#xA;&amp;{Text:removing hazelcast CR Duration:2.912706174s}&#xA;--&#xA;By Step&#xA;/home/runner/work/hazelcast-platform-operator/hazelcast-platform-operator/test/e2e/helpers_test.go:163&#xA;2023-02-24T09:48:37.376634773Z&#xA;&amp;{Text:waiting for Hazelcast CR to be removed Duration:2.47265237s}&#xA;--&#xA;By Step&#xA;/home/runner/work/hazelcast-platform-operator/hazelcast-platform-operator/test/e2e/hazelcast_persistence_test.go:179&#xA;2023-02-24T09:48:39.849289443Z&#xA;&amp;{Text:creating cluster from backup Duration:0s}&#xA;--&#xA;By Step&#xA;/home/runner/work/hazelcast-platform-operator/hazelcast-platform-operator/test/e2e/helpers_test.go:106&#xA;2023-02-24T09:48:39.849426747Z&#xA;&amp;{Text:creating Hazelcast CR Duration:94.351464ms}&#xA;--&#xA;By Step&#xA;/home/runner/work/hazelcast-platform-operator/hazelcast-platform-operator/test/e2e/helpers_test.go:111&#xA;2023-02-24T09:48:39.943779211Z&#xA;&amp;{Text:checking Hazelcast CR running Duration:2m30.730855465s}&#xA;--&#xA;By Step&#xA;/home/runner/work/hazelcast-platform-operator/hazelcast-platform-operator/test/e2e/helpers_test.go:394&#xA;2023-02-24T09:51:10.674639976Z&#xA;&amp;{Text:evaluate number of ready members for lookup name &#39;hp-6-e0aicf&#39; and &#39;test-operator-ee&#39; namespace Duration:10.191085811s}&#xA;--&#xA;By Step&#xA;/home/runner/work/hazelcast-platform-operator/hazelcast-platform-operator/test/e2e/hazelcast_persistence_test.go:184&#xA;2023-02-24T09:51:20.865727787Z&#xA;&amp;{Text:checking the cluster state and map size Duration:0s}&#xA;--&#xA;By Step&#xA;/home/runner/work/hazelcast-platform-operator/hazelcast-platform-operator/test/e2e/helpers_test.go:546&#xA;2023-02-24T09:51:20.865857789Z&#xA;&amp;{Text:waiting for Map CR status Duration:77.730725ms}&#xA;--&#xA;By Step&#xA;/home/runner/work/hazelcast-platform-operator/hazelcast-platform-operator/test/e2e/client_port_forward_test.go:106&#xA;2023-02-24T09:51:20.943590214Z&#xA;&amp;{Text:waiting for Cluster state Duration:634.120134ms}&#xA;--&#xA;By Step&#xA;/home/runner/work/hazelcast-platform-operator/hazelcast-platform-operator/test/e2e/client_port_forward_test.go:115&#xA;2023-02-24T09:51:20.943709416Z&#xA;&amp;{Text:Getting the cluster state with lookup name &#39;hp-6-e0aicf&#39; Duration:633.994532ms}&#xA;--&#xA;By Step&#xA;/home/runner/work/hazelcast-platform-operator/hazelcast-platform-operator/test/e2e/helpers_test.go:525&#xA;2023-02-24T09:51:21.219845631Z&#xA;&amp;{Text:creating Hazelcast client using address &#39;localhost:8401&#39; Duration:288.204251ms}&#xA;--&#xA;By Step&#xA;/home/runner/work/hazelcast-platform-operator/hazelcast-platform-operator/test/e2e/client_port_forward_test.go:47&#xA;2023-02-24T09:51:21.577716848Z&#xA;&amp;{Text:waiting the &#39;hp-6-e0aicf&#39; map to be of size &#39;10&#39; using lookup name &#39;hp-6-e0aicf&#39; Duration:799.070067ms}&#xA;--&#xA;By Step&#xA;/home/runner/work/hazelcast-platform-operator/hazelcast-platform-operator/test/e2e/helpers_test.go:525&#xA;2023-02-24T09:51:21.871851209Z&#xA;&amp;{Text:creating Hazelcast client using address &#39;localhost:8401&#39; Duration:288.255926ms}&#xA;</system-out>
              <system-err>[BeforeEach] Hazelcast CR with Persistence feature enabled&#xA;  /home/runner/work/hazelcast-platform-operator/hazelcast-platform-operator/test/e2e/hazelcast_persistence_test.go:22&#xA;�[1mSTEP:�[0m checking hazelcast-platform-controller-manager running �[38;5;243m02/24/23 09:46:48.553�[0m&#xA;[It] using AWS S3 bucket HotBackupResourceName&#xA;  /home/runner/work/hazelcast-platform-operator/hazelcast-platform-operator/test/e2e/hazelcast_persistence_test.go:215&#xA;�[1mSTEP:�[0m setting the label and CR with name &#39;hp-6-e0aicf&#39; �[38;5;243m02/24/23 09:46:48.624�[0m&#xA;�[1mSTEP:�[0m creating cluster with backup enabled �[38;5;243m02/24/23 09:46:48.624�[0m&#xA;�[1mSTEP:�[0m creating cluster with backup enabled �[38;5;243m02/24/23 09:46:48.624�[0m&#xA;�[1mSTEP:�[0m creating Hazelcast CR �[38;5;243m02/24/23 09:46:48.624�[0m&#xA;�[1mSTEP:�[0m checking Hazelcast CR running �[38;5;243m02/24/23 09:46:48.716�[0m&#xA;�[1mSTEP:�[0m evaluate number of ready members for lookup name &#39;hp-6-e0aicf&#39; and &#39;test-operator-ee&#39; namespace �[38;5;243m02/24/23 09:48:16.954�[0m&#xA;�[1mSTEP:�[0m creating the map config and adding entries �[38;5;243m02/24/23 09:48:27.177�[0m&#xA;�[1mSTEP:�[0m waiting for Map CR status �[38;5;243m02/24/23 09:48:27.283�[0m&#xA;�[1mSTEP:�[0m filling the &#39;hp-6-e0aicf&#39; map with &#39;10&#39; entries using &#39;hp-6-e0aicf&#39; lookup name and &#39;test-operator-ee&#39; namespace �[38;5;243m02/24/23 09:48:27.864�[0m&#xA;�[1mSTEP:�[0m creating Hazelcast client using address &#39;localhost:8401&#39; �[38;5;243m02/24/23 09:48:28.141�[0m&#xA;�[1mSTEP:�[0m triggering backup �[38;5;243m02/24/23 09:48:29.69�[0m&#xA;�[1mSTEP:�[0m waiting for HotBackup CR status to be Success �[38;5;243m02/24/23 09:48:29.777�[0m&#xA;�[1mSTEP:�[0m checking if backup status is correct �[38;5;243m02/24/23 09:48:32.417�[0m&#xA;�[1mSTEP:�[0m finding Backup sequence �[38;5;243m02/24/23 09:48:32.417�[0m&#xA;�[1mSTEP:�[0m getting Hazelcast logs �[38;5;243m02/24/23 09:48:32.417�[0m&#xA;�[1mSTEP:�[0m adding new entries after backup �[38;5;243m02/24/23 09:48:32.618�[0m&#xA;�[1mSTEP:�[0m filling the &#39;hp-6-e0aicf&#39; map with &#39;15&#39; entries using &#39;hp-6-e0aicf&#39; lookup name and &#39;test-operator-ee&#39; namespace �[38;5;243m02/24/23 09:48:32.618�[0m&#xA;�[1mSTEP:�[0m creating Hazelcast client using address &#39;localhost:8401&#39; �[38;5;243m02/24/23 09:48:32.888�[0m&#xA;�[1mSTEP:�[0m removing Hazelcast CR �[38;5;243m02/24/23 09:48:34.463�[0m&#xA;�[1mSTEP:�[0m removing hazelcast CR �[38;5;243m02/24/23 09:48:34.463�[0m&#xA;�[1mSTEP:�[0m waiting for Hazelcast CR to be removed �[38;5;243m02/24/23 09:48:37.376�[0m&#xA;�[1mSTEP:�[0m creating cluster from backup �[38;5;243m02/24/23 09:48:39.849�[0m&#xA;�[1mSTEP:�[0m creating Hazelcast CR �[38;5;243m02/24/23 09:48:39.849�[0m&#xA;�[1mSTEP:�[0m checking Hazelcast CR running �[38;5;243m02/24/23 09:48:39.943�[0m&#xA;�[1mSTEP:�[0m evaluate number of ready members for lookup name &#39;hp-6-e0aicf&#39; and &#39;test-operator-ee&#39; namespace �[38;5;243m02/24/23 09:51:10.674�[0m&#xA;�[1mSTEP:�[0m checking the cluster state and map size �[38;5;243m02/24/23 09:51:20.865�[0m&#xA;�[1mSTEP:�[0m waiting for Map CR status �[38;5;243m02/24/23 09:51:20.865�[0m&#xA;�[1mSTEP:�[0m waiting for Cluster state �[38;5;243m02/24/23 09:51:20.943�[0m&#xA;�[1mSTEP:�[0m Getting the cluster state with lookup name &#39;hp-6-e0aicf&#39; �[38;5;243m02/24/23 09:51:20.943�[0m&#xA;�[1mSTEP:�[0m creating Hazelcast client using address &#39;localhost:8401&#39; �[38;5;243m02/24/23 09:51:21.219�[0m&#xA;�[1mSTEP:�[0m waiting the &#39;hp-6-e0aicf&#39; map to be of size &#39;10&#39; using lookup name &#39;hp-6-e0aicf&#39; �[38;5;243m02/24/23 09:51:21.577�[0m&#xA;�[1mSTEP:�[0m creating Hazelcast client using address &#39;localhost:8401&#39; �[38;5;243m02/24/23 09:51:21.871�[0m&#xA;[AfterEach] Hazelcast CR with Persistence feature enabled&#xA;  /home/runner/work/hazelcast-platform-operator/hazelcast-platform-operator/test/e2e/hazelcast_persistence_test.go:37&#xA;Aftereach start time is 2023-02-24 09:51:22.376825216 +0000 UTC m=+463.730641900&#xA;Aftereach end time is 2023-02-24 09:51:28.293756516 +0000 UTC m=+469.647573300&#xA;</system-err>
          </testcase>
          <testcase name="[It] Hazelcast CR with Persistence feature enabled should start HotBackup after cluster is ready [hz_persistence, slow]" classname="Operator Suite EE" status="passed" time="94.036059033">
              <system-out>&#xA;Report Entries:&#xA;By Step&#xA;/home/runner/work/hazelcast-platform-operator/hazelcast-platform-operator/test/e2e/hazelcast_persistence_test.go:29&#xA;2023-02-24T09:51:28.298148902Z&#xA;&amp;{Text:checking hazelcast-platform-controller-manager running Duration:69.093064ms}&#xA;--&#xA;By Step&#xA;/home/runner/work/hazelcast-platform-operator/hazelcast-platform-operator/test/e2e/custom_resource_test.go:55&#xA;2023-02-24T09:51:28.367286167Z&#xA;&amp;{Text:setting the label and CR with name &#39;hp-8-76loeb&#39; Duration:0s}&#xA;--&#xA;CR_ID:hp-8-76loeb&#xA;/home/runner/work/hazelcast-platform-operator/hazelcast-platform-operator/test/e2e/custom_resource_test.go:73&#xA;2023-02-24T09:51:28.367379068Z&#xA;--&#xA;By Step&#xA;/home/runner/work/hazelcast-platform-operator/hazelcast-platform-operator/test/e2e/hazelcast_persistence_test.go:231&#xA;2023-02-24T09:51:28.367388869Z&#xA;&amp;{Text:creating HotBackup CR Duration:0s}&#xA;--&#xA;By Step&#xA;/home/runner/work/hazelcast-platform-operator/hazelcast-platform-operator/test/e2e/helpers_test.go:720&#xA;2023-02-24T09:51:28.443123463Z&#xA;&amp;{Text:waiting for HotBackup CR status to be Pending Duration:69.90798ms}&#xA;--&#xA;By Step&#xA;/home/runner/work/hazelcast-platform-operator/hazelcast-platform-operator/test/e2e/hazelcast_persistence_test.go:237&#xA;2023-02-24T09:51:28.513033143Z&#xA;&amp;{Text:creating cluster with backup enabled Duration:0s}&#xA;--&#xA;By Step&#xA;/home/runner/work/hazelcast-platform-operator/hazelcast-platform-operator/test/e2e/helpers_test.go:106&#xA;2023-02-24T09:51:28.513165945Z&#xA;&amp;{Text:creating Hazelcast CR Duration:78.817856ms}&#xA;--&#xA;By Step&#xA;/home/runner/work/hazelcast-platform-operator/hazelcast-platform-operator/test/e2e/helpers_test.go:111&#xA;2023-02-24T09:51:28.591984901Z&#xA;&amp;{Text:checking Hazelcast CR running Duration:1m28.538452071s}&#xA;--&#xA;By Step&#xA;/home/runner/work/hazelcast-platform-operator/hazelcast-platform-operator/test/e2e/helpers_test.go:394&#xA;2023-02-24T09:52:57.130443372Z&#xA;&amp;{Text:evaluate number of ready members for lookup name &#39;hp-8-76loeb&#39; and &#39;test-operator-ee&#39; namespace Duration:2.017364785s}&#xA;--&#xA;By Step&#xA;/home/runner/work/hazelcast-platform-operator/hazelcast-platform-operator/test/e2e/helpers_test.go:720&#xA;2023-02-24T09:52:59.147816857Z&#xA;&amp;{Text:waiting for HotBackup CR status to be Success Duration:237.807867ms}&#xA;</system-out>
              <system-err>[BeforeEach] Hazelcast CR with Persistence feature enabled&#xA;  /home/runner/work/hazelcast-platform-operator/hazelcast-platform-operator/test/e2e/hazelcast_persistence_test.go:22&#xA;�[1mSTEP:�[0m checking hazelcast-platform-controller-manager running �[38;5;243m02/24/23 09:51:28.298�[0m&#xA;[It] should start HotBackup after cluster is ready&#xA;  /home/runner/work/hazelcast-platform-operator/hazelcast-platform-operator/test/e2e/hazelcast_persistence_test.go:221&#xA;�[1mSTEP:�[0m setting the label and CR with name &#39;hp-8-76loeb&#39; �[38;5;243m02/24/23 09:51:28.367�[0m&#xA;�[1mSTEP:�[0m creating HotBackup CR �[38;5;243m02/24/23 09:51:28.367�[0m&#xA;�[1mSTEP:�[0m waiting for HotBackup CR status to be Pending �[38;5;243m02/24/23 09:51:28.443�[0m&#xA;�[1mSTEP:�[0m creating cluster with backup enabled �[38;5;243m02/24/23 09:51:28.513�[0m&#xA;�[1mSTEP:�[0m creating Hazelcast CR �[38;5;243m02/24/23 09:51:28.513�[0m&#xA;�[1mSTEP:�[0m checking Hazelcast CR running �[38;5;243m02/24/23 09:51:28.591�[0m&#xA;�[1mSTEP:�[0m evaluate number of ready members for lookup name &#39;hp-8-76loeb&#39; and &#39;test-operator-ee&#39; namespace �[38;5;243m02/24/23 09:52:57.13�[0m&#xA;�[1mSTEP:�[0m waiting for HotBackup CR status to be Success �[38;5;243m02/24/23 09:52:59.147�[0m&#xA;[AfterEach] Hazelcast CR with Persistence feature enabled&#xA;  /home/runner/work/hazelcast-platform-operator/hazelcast-platform-operator/test/e2e/hazelcast_persistence_test.go:37&#xA;Aftereach start time is 2023-02-24 09:52:59.385669224 +0000 UTC m=+560.739485908&#xA;Aftereach end time is 2023-02-24 09:53:02.334132934 +0000 UTC m=+563.687949718&#xA;</system-err>
          </testcase>
          <testcase name="[It] Hazelcast High Availability should have no data lose after node outage [high_availability, slow]" classname="Operator Suite EE" status="skipped" time="0">
              <skipped message="skipped"></skipped>
          </testcase>
          <testcase name="[It] Hazelcast High Availability should have no data lose after zone outage [high_availability, slow]" classname="Operator Suite EE" status="skipped" time="0">
              <skipped message="skipped"></skipped>
          </testcase>
          <testcase name="[It] Hazelcast User Code Deployment should use the MapStore implementation correctly [custom_class, fast]" classname="Operator Suite EE" status="passed" time="25.343312753">
              <system-out>&#xA;Report Entries:&#xA;By Step&#xA;/home/runner/work/hazelcast-platform-operator/hazelcast-platform-operator/test/e2e/hazelcast_user_code_test.go:32&#xA;2023-02-24T09:53:02.336802582Z&#xA;&amp;{Text:checking hazelcast-platform-controller-manager running Duration:69.404252ms}&#xA;--&#xA;By Step&#xA;/home/runner/work/hazelcast-platform-operator/hazelcast-platform-operator/test/e2e/custom_resource_test.go:55&#xA;2023-02-24T09:53:02.406249034Z&#xA;&amp;{Text:setting the label and CR with name &#39;hmcc-1-y75cm6&#39; Duration:0s}&#xA;--&#xA;CR_ID:hmcc-1-y75cm6&#xA;/home/runner/work/hazelcast-platform-operator/hazelcast-platform-operator/test/e2e/custom_resource_test.go:73&#xA;2023-02-24T09:53:02.406385937Z&#xA;--&#xA;By Step&#xA;/home/runner/work/hazelcast-platform-operator/hazelcast-platform-operator/test/e2e/hazelcast_user_code_test.go:58&#xA;2023-02-24T09:53:02.406386937Z&#xA;&amp;{Text:creating the Hazelcast CR Duration:0s}&#xA;--&#xA;By Step&#xA;/home/runner/work/hazelcast-platform-operator/hazelcast-platform-operator/test/e2e/helpers_test.go:106&#xA;2023-02-24T09:53:02.406442438Z&#xA;&amp;{Text:creating Hazelcast CR Duration:93.854193ms}&#xA;--&#xA;By Step&#xA;/home/runner/work/hazelcast-platform-operator/hazelcast-platform-operator/test/e2e/helpers_test.go:111&#xA;2023-02-24T09:53:02.500297931Z&#xA;&amp;{Text:checking Hazelcast CR running Duration:20.909627434s}&#xA;--&#xA;By Step&#xA;/home/runner/work/hazelcast-platform-operator/hazelcast-platform-operator/test/e2e/hazelcast_user_code_test.go:62&#xA;2023-02-24T09:53:23.409927465Z&#xA;&amp;{Text:port-forwarding to Hazelcast master pod Duration:0s}&#xA;--&#xA;By Step&#xA;/home/runner/work/hazelcast-platform-operator/hazelcast-platform-operator/test/e2e/hazelcast_user_code_test.go:66&#xA;2023-02-24T09:53:23.686088253Z&#xA;&amp;{Text:creating mapStore properties secret Duration:0s}&#xA;--&#xA;By Step&#xA;/home/runner/work/hazelcast-platform-operator/hazelcast-platform-operator/test/e2e/hazelcast_user_code_test.go:71&#xA;2023-02-24T09:53:23.762731876Z&#xA;&amp;{Text:creating map with MapStore Duration:0s}&#xA;--&#xA;By Step&#xA;/home/runner/work/hazelcast-platform-operator/hazelcast-platform-operator/test/e2e/helpers_test.go:424&#xA;2023-02-24T09:53:23.847487861Z&#xA;&amp;{Text:waiting for Map CR status Duration:245.372976ms}&#xA;--&#xA;By Step&#xA;/home/runner/work/hazelcast-platform-operator/hazelcast-platform-operator/test/e2e/hazelcast_user_code_test.go:86&#xA;2023-02-24T09:53:24.092862437Z&#xA;&amp;{Text:filling the map with entries Duration:0s}&#xA;--&#xA;By Step&#xA;/home/runner/work/hazelcast-platform-operator/hazelcast-platform-operator/test/e2e/helpers_test.go:525&#xA;2023-02-24T09:53:24.092953039Z&#xA;&amp;{Text:creating Hazelcast client using address &#39;localhost:8801&#39; Duration:278.178531ms}&#xA;--&#xA;By Step&#xA;/home/runner/work/hazelcast-platform-operator/hazelcast-platform-operator/test/e2e/hazelcast_user_code_test.go:103&#xA;2023-02-24T09:53:25.220991465Z&#xA;&amp;{Text:checking the logs Duration:0s}&#xA;--&#xA;By Step&#xA;/home/runner/work/hazelcast-platform-operator/hazelcast-platform-operator/test/e2e/helpers_test.go:77&#xA;2023-02-24T09:53:25.221091366Z&#xA;&amp;{Text:getting Hazelcast logs Duration:149.843444ms}&#xA;</system-out>
              <system-err>[BeforeEach] Hazelcast User Code Deployment&#xA;  /home/runner/work/hazelcast-platform-operator/hazelcast-platform-operator/test/e2e/hazelcast_user_code_test.go:25&#xA;�[1mSTEP:�[0m checking hazelcast-platform-controller-manager running �[38;5;243m02/24/23 09:53:02.336�[0m&#xA;[It] should use the MapStore implementation correctly&#xA;  /home/runner/work/hazelcast-platform-operator/hazelcast-platform-operator/test/e2e/hazelcast_user_code_test.go:53&#xA;�[1mSTEP:�[0m setting the label and CR with name &#39;hmcc-1-y75cm6&#39; �[38;5;243m02/24/23 09:53:02.406�[0m&#xA;�[1mSTEP:�[0m creating the Hazelcast CR �[38;5;243m02/24/23 09:53:02.406�[0m&#xA;�[1mSTEP:�[0m creating Hazelcast CR �[38;5;243m02/24/23 09:53:02.406�[0m&#xA;�[1mSTEP:�[0m checking Hazelcast CR running �[38;5;243m02/24/23 09:53:02.5�[0m&#xA;�[1mSTEP:�[0m port-forwarding to Hazelcast master pod �[38;5;243m02/24/23 09:53:23.409�[0m&#xA;�[1mSTEP:�[0m creating mapStore properties secret �[38;5;243m02/24/23 09:53:23.686�[0m&#xA;�[1mSTEP:�[0m creating map with MapStore �[38;5;243m02/24/23 09:53:23.762�[0m&#xA;�[1mSTEP:�[0m waiting for Map CR status �[38;5;243m02/24/23 09:53:23.847�[0m&#xA;�[1mSTEP:�[0m filling the map with entries �[38;5;243m02/24/23 09:53:24.092�[0m&#xA;�[1mSTEP:�[0m creating Hazelcast client using address &#39;localhost:8801&#39; �[38;5;243m02/24/23 09:53:24.092�[0m&#xA;�[1mSTEP:�[0m checking the logs �[38;5;243m02/24/23 09:53:25.22�[0m&#xA;�[1mSTEP:�[0m getting Hazelcast logs �[38;5;243m02/24/23 09:53:25.221�[0m&#xA;[AfterEach] Hazelcast User Code Deployment&#xA;  /home/runner/work/hazelcast-platform-operator/hazelcast-platform-operator/test/e2e/hazelcast_user_code_test.go:40&#xA;Aftereach start time is 2023-02-24 09:53:25.423650135 +0000 UTC m=+586.777466919&#xA;Aftereach end time is 2023-02-24 09:53:27.680044434 +0000 UTC m=+589.033861218&#xA;</system-err>
          </testcase>
          <testcase name="[It] Hazelcast User Code Deployment should add executor services both initially and dynamically [custom_class, fast]" classname="Operator Suite EE" status="passed" time="25.386803311">
              <system-out>&#xA;Report Entries:&#xA;By Step&#xA;/home/runner/work/hazelcast-platform-operator/hazelcast-platform-operator/test/e2e/hazelcast_user_code_test.go:32&#xA;2023-02-24T09:53:27.681449256Z&#xA;&amp;{Text:checking hazelcast-platform-controller-manager running Duration:69.849192ms}&#xA;--&#xA;By Step&#xA;/home/runner/work/hazelcast-platform-operator/hazelcast-platform-operator/test/e2e/custom_resource_test.go:55&#xA;2023-02-24T09:53:27.75136585Z&#xA;&amp;{Text:setting the label and CR with name &#39;hcc-1-zwi5jr&#39; Duration:0s}&#xA;--&#xA;CR_ID:hcc-1-zwi5jr&#xA;/home/runner/work/hazelcast-platform-operator/hazelcast-platform-operator/test/e2e/custom_resource_test.go:73&#xA;2023-02-24T09:53:27.751495552Z&#xA;--&#xA;By Step&#xA;/home/runner/work/hazelcast-platform-operator/hazelcast-platform-operator/test/e2e/hazelcast_user_code_test.go:147&#xA;2023-02-24T09:53:27.751499152Z&#xA;&amp;{Text:creating the Hazelcast CR Duration:0s}&#xA;--&#xA;By Step&#xA;/home/runner/work/hazelcast-platform-operator/hazelcast-platform-operator/test/e2e/helpers_test.go:106&#xA;2023-02-24T09:53:27.751566453Z&#xA;&amp;{Text:creating Hazelcast CR Duration:78.372626ms}&#xA;--&#xA;By Step&#xA;/home/runner/work/hazelcast-platform-operator/hazelcast-platform-operator/test/e2e/helpers_test.go:111&#xA;2023-02-24T09:53:27.829940179Z&#xA;&amp;{Text:checking Hazelcast CR running Duration:20.822769844s}&#xA;--&#xA;By Step&#xA;/home/runner/work/hazelcast-platform-operator/hazelcast-platform-operator/test/e2e/hazelcast_user_code_test.go:151&#xA;2023-02-24T09:53:48.652711923Z&#xA;&amp;{Text:port-forwarding to Hazelcast master pod Duration:0s}&#xA;--&#xA;By Step&#xA;/home/runner/work/hazelcast-platform-operator/hazelcast-platform-operator/test/e2e/hazelcast_user_code_test.go:155&#xA;2023-02-24T09:53:48.930339161Z&#xA;&amp;{Text:checking if the initially added executor service configs are created correctly Duration:0s}&#xA;--&#xA;By Step&#xA;/home/runner/work/hazelcast-platform-operator/hazelcast-platform-operator/test/e2e/helpers_test.go:525&#xA;2023-02-24T09:53:48.930450963Z&#xA;&amp;{Text:creating Hazelcast client using address &#39;localhost:8801&#39; Duration:275.264897ms}&#xA;--&#xA;By Step&#xA;/home/runner/work/hazelcast-platform-operator/hazelcast-platform-operator/test/e2e/hazelcast_user_code_test.go:165&#xA;2023-02-24T09:53:49.591333419Z&#xA;&amp;{Text:adding new executor services dynamically Duration:0s}&#xA;--&#xA;By Step&#xA;/home/runner/work/hazelcast-platform-operator/hazelcast-platform-operator/test/e2e/helpers_test.go:125&#xA;2023-02-24T09:53:49.591434021Z&#xA;&amp;{Text:updating the CR Duration:150.597779ms}&#xA;--&#xA;By Step&#xA;/home/runner/work/hazelcast-platform-operator/hazelcast-platform-operator/test/e2e/hazelcast_user_code_test.go:177&#xA;2023-02-24T09:53:49.7420335Z&#xA;&amp;{Text:checking if all the executor service configs are created correctly Duration:84.143497ms}&#xA;</system-out>
              <system-err>[BeforeEach] Hazelcast User Code Deployment&#xA;  /home/runner/work/hazelcast-platform-operator/hazelcast-platform-operator/test/e2e/hazelcast_user_code_test.go:25&#xA;�[1mSTEP:�[0m checking hazelcast-platform-controller-manager running �[38;5;243m02/24/23 09:53:27.681�[0m&#xA;[It] should add executor services both initially and dynamically&#xA;  /home/runner/work/hazelcast-platform-operator/hazelcast-platform-operator/test/e2e/hazelcast_user_code_test.go:118&#xA;�[1mSTEP:�[0m setting the label and CR with name &#39;hcc-1-zwi5jr&#39; �[38;5;243m02/24/23 09:53:27.751�[0m&#xA;�[1mSTEP:�[0m creating the Hazelcast CR �[38;5;243m02/24/23 09:53:27.751�[0m&#xA;�[1mSTEP:�[0m creating Hazelcast CR �[38;5;243m02/24/23 09:53:27.751�[0m&#xA;�[1mSTEP:�[0m checking Hazelcast CR running �[38;5;243m02/24/23 09:53:27.829�[0m&#xA;�[1mSTEP:�[0m port-forwarding to Hazelcast master pod �[38;5;243m02/24/23 09:53:48.652�[0m&#xA;�[1mSTEP:�[0m checking if the initially added executor service configs are created correctly �[38;5;243m02/24/23 09:53:48.93�[0m&#xA;�[1mSTEP:�[0m creating Hazelcast client using address &#39;localhost:8801&#39; �[38;5;243m02/24/23 09:53:48.93�[0m&#xA;�[1mSTEP:�[0m adding new executor services dynamically �[38;5;243m02/24/23 09:53:49.591�[0m&#xA;�[1mSTEP:�[0m updating the CR �[38;5;243m02/24/23 09:53:49.591�[0m&#xA;�[1mSTEP:�[0m checking if all the executor service configs are created correctly �[38;5;243m02/24/23 09:53:49.742�[0m&#xA;[AfterEach] Hazelcast User Code Deployment&#xA;  /home/runner/work/hazelcast-platform-operator/hazelcast-platform-operator/test/e2e/hazelcast_user_code_test.go:40&#xA;Aftereach start time is 2023-02-24 09:53:49.826331699 +0000 UTC m=+611.180148483&#xA;Aftereach end time is 2023-02-24 09:53:53.068177865 +0000 UTC m=+614.421994649&#xA;</system-err>
          </testcase>
          <testcase name="[It] Hazelcast Topic Config should create Topic Config [topic, fast]" classname="Operator Suite EE" status="passed" time="33.143216703">
              <system-out>&#xA;Report Entries:&#xA;By Step&#xA;/home/runner/work/hazelcast-platform-operator/hazelcast-platform-operator/test/e2e/hazelcast_topic_test.go:27&#xA;2023-02-24T09:53:53.069516389Z&#xA;&amp;{Text:checking hazelcast-platform-controller-manager running Duration:70.014746ms}&#xA;--&#xA;By Step&#xA;/home/runner/work/hazelcast-platform-operator/hazelcast-platform-operator/test/e2e/custom_resource_test.go:55&#xA;2023-02-24T09:53:53.139578235Z&#xA;&amp;{Text:setting the label and CR with name &#39;ht-1-2vfadh&#39; Duration:0s}&#xA;--&#xA;CR_ID:ht-1-2vfadh&#xA;/home/runner/work/hazelcast-platform-operator/hazelcast-platform-operator/test/e2e/custom_resource_test.go:73&#xA;2023-02-24T09:53:53.139710938Z&#xA;--&#xA;By Step&#xA;/home/runner/work/hazelcast-platform-operator/hazelcast-platform-operator/test/e2e/helpers_test.go:106&#xA;2023-02-24T09:53:53.139715338Z&#xA;&amp;{Text:creating Hazelcast CR Duration:75.663046ms}&#xA;--&#xA;By Step&#xA;/home/runner/work/hazelcast-platform-operator/hazelcast-platform-operator/test/e2e/helpers_test.go:111&#xA;2023-02-24T09:53:53.215379184Z&#xA;&amp;{Text:checking Hazelcast CR running Duration:22.002978013s}&#xA;--&#xA;By Step&#xA;/home/runner/work/hazelcast-platform-operator/hazelcast-platform-operator/test/e2e/helpers_test.go:738&#xA;2023-02-24T09:54:15.306221026Z&#xA;&amp;{Text:waiting for  CR status Duration:8.466888721s}&#xA;</system-out>
              <system-err>[BeforeEach] Hazelcast Topic Config&#xA;  /home/runner/work/hazelcast-platform-operator/hazelcast-platform-operator/test/e2e/hazelcast_topic_test.go:20&#xA;�[1mSTEP:�[0m checking hazelcast-platform-controller-manager running �[38;5;243m02/24/23 09:53:53.069�[0m&#xA;[It] should create Topic Config&#xA;  /home/runner/work/hazelcast-platform-operator/hazelcast-platform-operator/test/e2e/hazelcast_topic_test.go:47&#xA;�[1mSTEP:�[0m setting the label and CR with name &#39;ht-1-2vfadh&#39; �[38;5;243m02/24/23 09:53:53.139�[0m&#xA;�[1mSTEP:�[0m creating Hazelcast CR �[38;5;243m02/24/23 09:53:53.139�[0m&#xA;�[1mSTEP:�[0m checking Hazelcast CR running �[38;5;243m02/24/23 09:53:53.215�[0m&#xA;�[1mSTEP:�[0m waiting for  CR status �[38;5;243m02/24/23 09:54:15.306�[0m&#xA;[AfterEach] Hazelcast Topic Config&#xA;  /home/runner/work/hazelcast-platform-operator/hazelcast-platform-operator/test/e2e/hazelcast_topic_test.go:35&#xA;Aftereach start time is 2023-02-24 09:54:23.773165652 +0000 UTC m=+645.126982436&#xA;Aftereach end time is 2023-02-24 09:54:26.212645091 +0000 UTC m=+647.566461775&#xA;</system-err>
          </testcase>
          <testcase name="[It] Hazelcast Topic Config should fail to update Topic Config [topic, fast]" classname="Operator Suite EE" status="passed" time="33.924058069">
              <system-out>&#xA;Report Entries:&#xA;By Step&#xA;/home/runner/work/hazelcast-platform-operator/hazelcast-platform-operator/test/e2e/hazelcast_topic_test.go:27&#xA;2023-02-24T09:54:26.213568608Z&#xA;&amp;{Text:checking hazelcast-platform-controller-manager running Duration:69.370196ms}&#xA;--&#xA;By Step&#xA;/home/runner/work/hazelcast-platform-operator/hazelcast-platform-operator/test/e2e/custom_resource_test.go:55&#xA;2023-02-24T09:54:26.282980205Z&#xA;&amp;{Text:setting the label and CR with name &#39;ht-3-k3clsg&#39; Duration:0s}&#xA;--&#xA;CR_ID:ht-3-k3clsg&#xA;/home/runner/work/hazelcast-platform-operator/hazelcast-platform-operator/test/e2e/custom_resource_test.go:73&#xA;2023-02-24T09:54:26.283651517Z&#xA;--&#xA;By Step&#xA;/home/runner/work/hazelcast-platform-operator/hazelcast-platform-operator/test/e2e/helpers_test.go:106&#xA;2023-02-24T09:54:26.283658918Z&#xA;&amp;{Text:creating Hazelcast CR Duration:83.842966ms}&#xA;--&#xA;By Step&#xA;/home/runner/work/hazelcast-platform-operator/hazelcast-platform-operator/test/e2e/helpers_test.go:111&#xA;2023-02-24T09:54:26.367503084Z&#xA;&amp;{Text:checking Hazelcast CR running Duration:20.948790087s}&#xA;--&#xA;By Step&#xA;/home/runner/work/hazelcast-platform-operator/hazelcast-platform-operator/test/e2e/hazelcast_topic_test.go:81&#xA;2023-02-24T09:54:47.316295271Z&#xA;&amp;{Text:creating the topic config Duration:0s}&#xA;--&#xA;By Step&#xA;/home/runner/work/hazelcast-platform-operator/hazelcast-platform-operator/test/e2e/helpers_test.go:738&#xA;2023-02-24T09:54:47.393608185Z&#xA;&amp;{Text:waiting for  CR status Duration:9.478656384s}&#xA;--&#xA;By Step&#xA;/home/runner/work/hazelcast-platform-operator/hazelcast-platform-operator/test/e2e/hazelcast_topic_test.go:91&#xA;2023-02-24T09:54:56.872266669Z&#xA;&amp;{Text:failing to update topic config Duration:0s}&#xA;--&#xA;By Step&#xA;/home/runner/work/hazelcast-platform-operator/hazelcast-platform-operator/test/e2e/helpers_test.go:738&#xA;2023-02-24T09:54:56.952530053Z&#xA;&amp;{Text:waiting for  CR status Duration:77.670278ms}&#xA;</system-out>
              <system-err>[BeforeEach] Hazelcast Topic Config&#xA;  /home/runner/work/hazelcast-platform-operator/hazelcast-platform-operator/test/e2e/hazelcast_topic_test.go:20&#xA;�[1mSTEP:�[0m checking hazelcast-platform-controller-manager running �[38;5;243m02/24/23 09:54:26.213�[0m&#xA;[It] should fail to update Topic Config&#xA;  /home/runner/work/hazelcast-platform-operator/hazelcast-platform-operator/test/e2e/hazelcast_topic_test.go:76&#xA;�[1mSTEP:�[0m setting the label and CR with name &#39;ht-3-k3clsg&#39; �[38;5;243m02/24/23 09:54:26.282�[0m&#xA;�[1mSTEP:�[0m creating Hazelcast CR �[38;5;243m02/24/23 09:54:26.283�[0m&#xA;�[1mSTEP:�[0m checking Hazelcast CR running �[38;5;243m02/24/23 09:54:26.367�[0m&#xA;�[1mSTEP:�[0m creating the topic config �[38;5;243m02/24/23 09:54:47.316�[0m&#xA;�[1mSTEP:�[0m waiting for  CR status �[38;5;243m02/24/23 09:54:47.393�[0m&#xA;�[1mSTEP:�[0m failing to update topic config �[38;5;243m02/24/23 09:54:56.872�[0m&#xA;�[1mSTEP:�[0m waiting for  CR status �[38;5;243m02/24/23 09:54:56.952�[0m&#xA;[AfterEach] Hazelcast Topic Config&#xA;  /home/runner/work/hazelcast-platform-operator/hazelcast-platform-operator/test/e2e/hazelcast_topic_test.go:35&#xA;Aftereach start time is 2023-02-24 09:54:57.030239333 +0000 UTC m=+678.384056017&#xA;Aftereach end time is 2023-02-24 09:55:00.137562275 +0000 UTC m=+681.491378959&#xA;</system-err>
          </testcase>
          <testcase name="[It] Hazelcast Map Config should update the map correctly [map, fast]" classname="Operator Suite EE" status="passed" time="36.585822292">
              <system-out>&#xA;Report Entries:&#xA;By Step&#xA;/home/runner/work/hazelcast-platform-operator/hazelcast-platform-operator/test/e2e/hazelcast_map_test.go:39&#xA;2023-02-24T09:55:00.138492313Z&#xA;&amp;{Text:checking hazelcast-platform-controller-manager running Duration:69.16493ms}&#xA;--&#xA;By Step&#xA;/home/runner/work/hazelcast-platform-operator/hazelcast-platform-operator/test/e2e/custom_resource_test.go:55&#xA;2023-02-24T09:55:00.207689744Z&#xA;&amp;{Text:setting the label and CR with name &#39;hm-4-9jmnxz&#39; Duration:0s}&#xA;--&#xA;CR_ID:hm-4-9jmnxz&#xA;/home/runner/work/hazelcast-platform-operator/hazelcast-platform-operator/test/e2e/custom_resource_test.go:73&#xA;2023-02-24T09:55:00.207792449Z&#xA;--&#xA;By Step&#xA;/home/runner/work/hazelcast-platform-operator/hazelcast-platform-operator/test/e2e/helpers_test.go:106&#xA;2023-02-24T09:55:00.207795349Z&#xA;&amp;{Text:creating Hazelcast CR Duration:80.302385ms}&#xA;--&#xA;By Step&#xA;/home/runner/work/hazelcast-platform-operator/hazelcast-platform-operator/test/e2e/helpers_test.go:111&#xA;2023-02-24T09:55:00.288098635Z&#xA;&amp;{Text:checking Hazelcast CR running Duration:31.00864236s}&#xA;--&#xA;By Step&#xA;/home/runner/work/hazelcast-platform-operator/hazelcast-platform-operator/test/e2e/hazelcast_map_test.go:153&#xA;2023-02-24T09:55:31.296743095Z&#xA;&amp;{Text:port-forwarding to Hazelcast master pod Duration:0s}&#xA;--&#xA;By Step&#xA;/home/runner/work/hazelcast-platform-operator/hazelcast-platform-operator/test/e2e/hazelcast_map_test.go:157&#xA;2023-02-24T09:55:31.56981177Z&#xA;&amp;{Text:creating the map config Duration:0s}&#xA;--&#xA;By Step&#xA;/home/runner/work/hazelcast-platform-operator/hazelcast-platform-operator/test/e2e/helpers_test.go:424&#xA;2023-02-24T09:55:31.652746294Z&#xA;&amp;{Text:waiting for Map CR status Duration:579.727436ms}&#xA;--&#xA;By Step&#xA;/home/runner/work/hazelcast-platform-operator/hazelcast-platform-operator/test/e2e/hazelcast_map_test.go:162&#xA;2023-02-24T09:55:32.23247503Z&#xA;&amp;{Text:updating the map config Duration:0s}&#xA;--&#xA;By Step&#xA;/home/runner/work/hazelcast-platform-operator/hazelcast-platform-operator/test/e2e/helpers_test.go:424&#xA;2023-02-24T09:55:32.313953095Z&#xA;&amp;{Text:waiting for Map CR status Duration:70.531312ms}&#xA;--&#xA;By Step&#xA;/home/runner/work/hazelcast-platform-operator/hazelcast-platform-operator/test/e2e/hazelcast_map_test.go:173&#xA;2023-02-24T09:55:32.384485907Z&#xA;&amp;{Text:checking if the map config is updated correctly Duration:0s}&#xA;--&#xA;By Step&#xA;/home/runner/work/hazelcast-platform-operator/hazelcast-platform-operator/test/e2e/helpers_test.go:525&#xA;2023-02-24T09:55:32.384580511Z&#xA;&amp;{Text:creating Hazelcast client using address &#39;localhost:8201&#39; Duration:292.356523ms}&#xA;</system-out>
              <system-err>[BeforeEach] Hazelcast Map Config&#xA;  /home/runner/work/hazelcast-platform-operator/hazelcast-platform-operator/test/e2e/hazelcast_map_test.go:32&#xA;�[1mSTEP:�[0m checking hazelcast-platform-controller-manager running �[38;5;243m02/24/23 09:55:00.138�[0m&#xA;[It] should update the map correctly&#xA;  /home/runner/work/hazelcast-platform-operator/hazelcast-platform-operator/test/e2e/hazelcast_map_test.go:148&#xA;�[1mSTEP:�[0m setting the label and CR with name &#39;hm-4-9jmnxz&#39; �[38;5;243m02/24/23 09:55:00.207�[0m&#xA;�[1mSTEP:�[0m creating Hazelcast CR �[38;5;243m02/24/23 09:55:00.207�[0m&#xA;�[1mSTEP:�[0m checking Hazelcast CR running �[38;5;243m02/24/23 09:55:00.288�[0m&#xA;�[1mSTEP:�[0m port-forwarding to Hazelcast master pod �[38;5;243m02/24/23 09:55:31.296�[0m&#xA;�[1mSTEP:�[0m creating the map config �[38;5;243m02/24/23 09:55:31.569�[0m&#xA;�[1mSTEP:�[0m waiting for Map CR status �[38;5;243m02/24/23 09:55:31.652�[0m&#xA;�[1mSTEP:�[0m updating the map config �[38;5;243m02/24/23 09:55:32.232�[0m&#xA;�[1mSTEP:�[0m waiting for Map CR status �[38;5;243m02/24/23 09:55:32.313�[0m&#xA;�[1mSTEP:�[0m checking if the map config is updated correctly �[38;5;243m02/24/23 09:55:32.384�[0m&#xA;�[1mSTEP:�[0m creating Hazelcast client using address &#39;localhost:8201&#39; �[38;5;243m02/24/23 09:55:32.384�[0m&#xA;[AfterEach] Hazelcast Map Config&#xA;  /home/runner/work/hazelcast-platform-operator/hazelcast-platform-operator/test/e2e/hazelcast_map_test.go:47&#xA;Aftereach start time is 2023-02-24 09:55:32.747733403 +0000 UTC m=+714.101550087&#xA;Aftereach end time is 2023-02-24 09:55:36.724255001 +0000 UTC m=+718.078071685&#xA;</system-err>
          </testcase>
          <testcase name="[It] Hazelcast WAN should delete the map from status and Wan status should be failed [hz_wan, slow]" classname="Operator Suite EE" status="passed" time="34.449952668">
              <system-out>&#xA;Report Entries:&#xA;By Step&#xA;/home/runner/work/hazelcast-platform-operator/hazelcast-platform-operator/test/e2e/hazelcast_wan_test.go:26&#xA;2023-02-24T09:55:36.725286165Z&#xA;&amp;{Text:checking hazelcast-platform-controller-manager running Duration:69.113665ms}&#xA;--&#xA;By Step&#xA;/home/runner/work/hazelcast-platform-operator/hazelcast-platform-operator/test/e2e/custom_resource_test.go:55&#xA;2023-02-24T09:55:36.794449233Z&#xA;&amp;{Text:setting the label and CR with name &#39;hw-4-b09m22&#39; Duration:0s}&#xA;--&#xA;CR_ID:hw-4-b09m22&#xA;/home/runner/work/hazelcast-platform-operator/hazelcast-platform-operator/test/e2e/custom_resource_test.go:73&#xA;2023-02-24T09:55:36.79456414Z&#xA;--&#xA;By Step&#xA;/home/runner/work/hazelcast-platform-operator/hazelcast-platform-operator/test/e2e/helpers_test.go:150&#xA;2023-02-24T09:55:36.794572041Z&#xA;&amp;{Text:creating Hazelcast CR Duration:77.290869ms}&#xA;--&#xA;By Step&#xA;/home/runner/work/hazelcast-platform-operator/hazelcast-platform-operator/test/e2e/helpers_test.go:150&#xA;2023-02-24T09:55:36.871866711Z&#xA;&amp;{Text:creating Hazelcast CR Duration:74.601303ms}&#xA;--&#xA;By Step&#xA;/home/runner/work/hazelcast-platform-operator/hazelcast-platform-operator/test/e2e/helpers_test.go:394&#xA;2023-02-24T09:55:36.946474415Z&#xA;&amp;{Text:evaluate number of ready members for lookup name &#39;hz1-sourcehw-4-b09m22&#39; and &#39;test-operator-ee&#39; namespace Duration:30.73775019s}&#xA;--&#xA;By Step&#xA;/home/runner/work/hazelcast-platform-operator/hazelcast-platform-operator/test/e2e/helpers_test.go:394&#xA;2023-02-24T09:56:07.684229405Z&#xA;&amp;{Text:evaluate number of ready members for lookup name &#39;hz1-targethw-4-b09m22&#39; and &#39;test-operator-ee&#39; namespace Duration:648.332285ms}&#xA;--&#xA;By Step&#xA;/home/runner/work/hazelcast-platform-operator/hazelcast-platform-operator/test/e2e/helpers_test.go:424&#xA;2023-02-24T09:56:08.462126843Z&#xA;&amp;{Text:waiting for Map CR status Duration:408.773988ms}&#xA;--&#xA;By Step&#xA;/home/runner/work/hazelcast-platform-operator/hazelcast-platform-operator/test/e2e/hazelcast_wan_test.go:166&#xA;2023-02-24T09:56:08.870902831Z&#xA;&amp;{Text:creating first WAN configuration Duration:0s}&#xA;--&#xA;By Step&#xA;/home/runner/work/hazelcast-platform-operator/hazelcast-platform-operator/test/e2e/helpers_test.go:441&#xA;2023-02-24T09:56:08.967621527Z&#xA;&amp;{Text:waiting for Wan CR status Duration:1.090182339s}&#xA;--&#xA;By Step&#xA;/home/runner/work/hazelcast-platform-operator/hazelcast-platform-operator/test/e2e/helpers_test.go:458&#xA;2023-02-24T09:56:10.057808467Z&#xA;&amp;{Text:waiting for Wan CR status map length Duration:69.552873ms}&#xA;--&#xA;By Step&#xA;/home/runner/work/hazelcast-platform-operator/hazelcast-platform-operator/test/e2e/helpers_test.go:458&#xA;2023-02-24T09:56:10.450603894Z&#xA;&amp;{Text:waiting for Wan CR status map length Duration:73.911054ms}&#xA;--&#xA;By Step&#xA;/home/runner/work/hazelcast-platform-operator/hazelcast-platform-operator/test/e2e/helpers_test.go:441&#xA;2023-02-24T09:56:10.524519248Z&#xA;&amp;{Text:waiting for Wan CR status Duration:81.81928ms}&#xA;</system-out>
              <system-err>[BeforeEach] Hazelcast WAN&#xA;  /home/runner/work/hazelcast-platform-operator/hazelcast-platform-operator/test/e2e/hazelcast_wan_test.go:19&#xA;�[1mSTEP:�[0m checking hazelcast-platform-controller-manager running �[38;5;243m02/24/23 09:55:36.725�[0m&#xA;[It] should delete the map from status and Wan status should be failed&#xA;  /home/runner/work/hazelcast-platform-operator/hazelcast-platform-operator/test/e2e/hazelcast_wan_test.go:149&#xA;�[1mSTEP:�[0m setting the label and CR with name &#39;hw-4-b09m22&#39; �[38;5;243m02/24/23 09:55:36.794�[0m&#xA;�[1mSTEP:�[0m creating Hazelcast CR �[38;5;243m02/24/23 09:55:36.794�[0m&#xA;�[1mSTEP:�[0m creating Hazelcast CR �[38;5;243m02/24/23 09:55:36.871�[0m&#xA;�[1mSTEP:�[0m evaluate number of ready members for lookup name &#39;hz1-sourcehw-4-b09m22&#39; and &#39;test-operator-ee&#39; namespace �[38;5;243m02/24/23 09:55:36.946�[0m&#xA;�[1mSTEP:�[0m evaluate number of ready members for lookup name &#39;hz1-targethw-4-b09m22&#39; and &#39;test-operator-ee&#39; namespace �[38;5;243m02/24/23 09:56:07.684�[0m&#xA;�[1mSTEP:�[0m waiting for Map CR status �[38;5;243m02/24/23 09:56:08.462�[0m&#xA;�[1mSTEP:�[0m creating first WAN configuration �[38;5;243m02/24/23 09:56:08.87�[0m&#xA;�[1mSTEP:�[0m waiting for Wan CR status �[38;5;243m02/24/23 09:56:08.967�[0m&#xA;�[1mSTEP:�[0m waiting for Wan CR status map length �[38;5;243m02/24/23 09:56:10.057�[0m&#xA;�[1mSTEP:�[0m waiting for Wan CR status map length �[38;5;243m02/24/23 09:56:10.45�[0m&#xA;�[1mSTEP:�[0m waiting for Wan CR status �[38;5;243m02/24/23 09:56:10.524�[0m&#xA;[AfterEach] Hazelcast WAN&#xA;  /home/runner/work/hazelcast-platform-operator/hazelcast-platform-operator/test/e2e/hazelcast_wan_test.go:34&#xA;Aftereach start time is 2023-02-24 09:56:10.761564841 +0000 UTC m=+752.115381525&#xA;Aftereach end time is 2023-02-24 09:56:11.175140328 +0000 UTC m=+752.528957112&#xA;</system-err>
          </testcase>
          <testcase name="[It] Hazelcast WAN should delete the map from status and Wan status should be Pending [hz_wan, slow]" classname="Operator Suite EE" status="passed" time="37.77537221">
              <system-out>&#xA;Report Entries:&#xA;By Step&#xA;/home/runner/work/hazelcast-platform-operator/hazelcast-platform-operator/test/e2e/hazelcast_wan_test.go:26&#xA;2023-02-24T09:56:11.176455582Z&#xA;&amp;{Text:checking hazelcast-platform-controller-manager running Duration:68.609035ms}&#xA;--&#xA;By Step&#xA;/home/runner/work/hazelcast-platform-operator/hazelcast-platform-operator/test/e2e/custom_resource_test.go:55&#xA;2023-02-24T09:56:11.245106418Z&#xA;&amp;{Text:setting the label and CR with name &#39;hw-5-pdx3qq&#39; Duration:0s}&#xA;--&#xA;CR_ID:hw-5-pdx3qq&#xA;/home/runner/work/hazelcast-platform-operator/hazelcast-platform-operator/test/e2e/custom_resource_test.go:73&#xA;2023-02-24T09:56:11.245249024Z&#xA;--&#xA;By Step&#xA;/home/runner/work/hazelcast-platform-operator/hazelcast-platform-operator/test/e2e/helpers_test.go:150&#xA;2023-02-24T09:56:11.245257625Z&#xA;&amp;{Text:creating Hazelcast CR Duration:88.315948ms}&#xA;--&#xA;By Step&#xA;/home/runner/work/hazelcast-platform-operator/hazelcast-platform-operator/test/e2e/helpers_test.go:150&#xA;2023-02-24T09:56:11.333578374Z&#xA;&amp;{Text:creating Hazelcast CR Duration:83.698557ms}&#xA;--&#xA;By Step&#xA;/home/runner/work/hazelcast-platform-operator/hazelcast-platform-operator/test/e2e/helpers_test.go:394&#xA;2023-02-24T09:56:11.417286132Z&#xA;&amp;{Text:evaluate number of ready members for lookup name &#39;hz1-sourcehw-5-pdx3qq&#39; and &#39;test-operator-ee&#39; namespace Duration:30.705235215s}&#xA;--&#xA;By Step&#xA;/home/runner/work/hazelcast-platform-operator/hazelcast-platform-operator/test/e2e/helpers_test.go:394&#xA;2023-02-24T09:56:42.122527147Z&#xA;&amp;{Text:evaluate number of ready members for lookup name &#39;hz1-targethw-5-pdx3qq&#39; and &#39;test-operator-ee&#39; namespace Duration:308.89873ms}&#xA;--&#xA;By Step&#xA;/home/runner/work/hazelcast-platform-operator/hazelcast-platform-operator/test/e2e/helpers_test.go:424&#xA;2023-02-24T09:56:42.526905488Z&#xA;&amp;{Text:waiting for Map CR status Duration:246.995058ms}&#xA;--&#xA;By Step&#xA;/home/runner/work/hazelcast-platform-operator/hazelcast-platform-operator/test/e2e/hazelcast_wan_test.go:199&#xA;2023-02-24T09:56:42.773902946Z&#xA;&amp;{Text:creating first WAN configuration Duration:0s}&#xA;--&#xA;By Step&#xA;/home/runner/work/hazelcast-platform-operator/hazelcast-platform-operator/test/e2e/helpers_test.go:441&#xA;2023-02-24T09:56:42.860071286Z&#xA;&amp;{Text:waiting for Wan CR status Duration:5.029268969s}&#xA;--&#xA;By Step&#xA;/home/runner/work/hazelcast-platform-operator/hazelcast-platform-operator/test/e2e/helpers_test.go:458&#xA;2023-02-24T09:56:47.889342755Z&#xA;&amp;{Text:waiting for Wan CR status map length Duration:69.18702ms}&#xA;--&#xA;By Step&#xA;/home/runner/work/hazelcast-platform-operator/hazelcast-platform-operator/test/e2e/helpers_test.go:458&#xA;2023-02-24T09:56:48.27367941Z&#xA;&amp;{Text:waiting for Wan CR status map length Duration:70.388366ms}&#xA;--&#xA;By Step&#xA;/home/runner/work/hazelcast-platform-operator/hazelcast-platform-operator/test/e2e/helpers_test.go:441&#xA;2023-02-24T09:56:48.344071376Z&#xA;&amp;{Text:waiting for Wan CR status Duration:70.395666ms}&#xA;</system-out>
              <system-err>[BeforeEach] Hazelcast WAN&#xA;  /home/runner/work/hazelcast-platform-operator/hazelcast-platform-operator/test/e2e/hazelcast_wan_test.go:19&#xA;�[1mSTEP:�[0m checking hazelcast-platform-controller-manager running �[38;5;243m02/24/23 09:56:11.176�[0m&#xA;[It] should delete the map from status and Wan status should be Pending&#xA;  /home/runner/work/hazelcast-platform-operator/hazelcast-platform-operator/test/e2e/hazelcast_wan_test.go:182&#xA;�[1mSTEP:�[0m setting the label and CR with name &#39;hw-5-pdx3qq&#39; �[38;5;243m02/24/23 09:56:11.245�[0m&#xA;�[1mSTEP:�[0m creating Hazelcast CR �[38;5;243m02/24/23 09:56:11.245�[0m&#xA;�[1mSTEP:�[0m creating Hazelcast CR �[38;5;243m02/24/23 09:56:11.333�[0m&#xA;�[1mSTEP:�[0m evaluate number of ready members for lookup name &#39;hz1-sourcehw-5-pdx3qq&#39; and &#39;test-operator-ee&#39; namespace �[38;5;243m02/24/23 09:56:11.417�[0m&#xA;�[1mSTEP:�[0m evaluate number of ready members for lookup name &#39;hz1-targethw-5-pdx3qq&#39; and &#39;test-operator-ee&#39; namespace �[38;5;243m02/24/23 09:56:42.122�[0m&#xA;�[1mSTEP:�[0m waiting for Map CR status �[38;5;243m02/24/23 09:56:42.526�[0m&#xA;�[1mSTEP:�[0m creating first WAN configuration �[38;5;243m02/24/23 09:56:42.773�[0m&#xA;�[1mSTEP:�[0m waiting for Wan CR status �[38;5;243m02/24/23 09:56:42.86�[0m&#xA;�[1mSTEP:�[0m waiting for Wan CR status map length �[38;5;243m02/24/23 09:56:47.889�[0m&#xA;�[1mSTEP:�[0m waiting for Wan CR status map length �[38;5;243m02/24/23 09:56:48.273�[0m&#xA;�[1mSTEP:�[0m waiting for Wan CR status �[38;5;243m02/24/23 09:56:48.344�[0m&#xA;[AfterEach] Hazelcast WAN&#xA;  /home/runner/work/hazelcast-platform-operator/hazelcast-platform-operator/test/e2e/hazelcast_wan_test.go:34&#xA;Aftereach start time is 2023-02-24 09:56:48.56809836 +0000 UTC m=+789.921915044&#xA;Aftereach end time is 2023-02-24 09:56:48.951754589 +0000 UTC m=+790.305571373&#xA;</system-err>
          </testcase>
          <testcase name="[It] Hazelcast WAN should stop replicating to target cluster [hz_wan, slow]" classname="Operator Suite EE" status="passed" time="63.618150809">
              <system-out>&#xA;Report Entries:&#xA;By Step&#xA;/home/runner/work/hazelcast-platform-operator/hazelcast-platform-operator/test/e2e/hazelcast_wan_test.go:26&#xA;2023-02-24T09:56:48.953080139Z&#xA;&amp;{Text:checking hazelcast-platform-controller-manager running Duration:70.024152ms}&#xA;--&#xA;By Step&#xA;/home/runner/work/hazelcast-platform-operator/hazelcast-platform-operator/test/e2e/custom_resource_test.go:55&#xA;2023-02-24T09:56:49.023141493Z&#xA;&amp;{Text:setting the label and CR with name &#39;hw-7-mywpbh&#39; Duration:0s}&#xA;--&#xA;CR_ID:hw-7-mywpbh&#xA;/home/runner/work/hazelcast-platform-operator/hazelcast-platform-operator/test/e2e/custom_resource_test.go:73&#xA;2023-02-24T09:56:49.023283298Z&#xA;--&#xA;By Step&#xA;/home/runner/work/hazelcast-platform-operator/hazelcast-platform-operator/test/e2e/helpers_test.go:150&#xA;2023-02-24T09:56:49.023293998Z&#xA;&amp;{Text:creating Hazelcast CR Duration:76.462196ms}&#xA;--&#xA;By Step&#xA;/home/runner/work/hazelcast-platform-operator/hazelcast-platform-operator/test/e2e/helpers_test.go:150&#xA;2023-02-24T09:56:49.099761994Z&#xA;&amp;{Text:creating Hazelcast CR Duration:75.998278ms}&#xA;--&#xA;By Step&#xA;/home/runner/work/hazelcast-platform-operator/hazelcast-platform-operator/test/e2e/helpers_test.go:150&#xA;2023-02-24T09:56:49.175766473Z&#xA;&amp;{Text:creating Hazelcast CR Duration:77.519635ms}&#xA;--&#xA;By Step&#xA;/home/runner/work/hazelcast-platform-operator/hazelcast-platform-operator/test/e2e/helpers_test.go:394&#xA;2023-02-24T09:56:49.253291009Z&#xA;&amp;{Text:evaluate number of ready members for lookup name &#39;hz2-sourcehw-7-mywpbh&#39; and &#39;test-operator-ee&#39; namespace Duration:31.218931658s}&#xA;--&#xA;By Step&#xA;/home/runner/work/hazelcast-platform-operator/hazelcast-platform-operator/test/e2e/helpers_test.go:394&#xA;2023-02-24T09:57:20.472228868Z&#xA;&amp;{Text:evaluate number of ready members for lookup name &#39;hz1-targethw-7-mywpbh&#39; and &#39;test-operator-ee&#39; namespace Duration:137.956879ms}&#xA;--&#xA;By Step&#xA;/home/runner/work/hazelcast-platform-operator/hazelcast-platform-operator/test/e2e/helpers_test.go:394&#xA;2023-02-24T09:57:20.610205348Z&#xA;&amp;{Text:evaluate number of ready members for lookup name &#39;hz1-sourcehw-7-mywpbh&#39; and &#39;test-operator-ee&#39; namespace Duration:139.923849ms}&#xA;--&#xA;By Step&#xA;/home/runner/work/hazelcast-platform-operator/hazelcast-platform-operator/test/e2e/helpers_test.go:424&#xA;2023-02-24T09:57:21.088463364Z&#xA;&amp;{Text:waiting for Map CR status Duration:423.562881ms}&#xA;--&#xA;By Step&#xA;/home/runner/work/hazelcast-platform-operator/hazelcast-platform-operator/test/e2e/helpers_test.go:424&#xA;2023-02-24T09:57:21.512028845Z&#xA;&amp;{Text:waiting for Map CR status Duration:580.238223ms}&#xA;--&#xA;By Step&#xA;/home/runner/work/hazelcast-platform-operator/hazelcast-platform-operator/test/e2e/helpers_test.go:424&#xA;2023-02-24T09:57:22.092271168Z&#xA;&amp;{Text:waiting for Map CR status Duration:243.105898ms}&#xA;--&#xA;By Step&#xA;/home/runner/work/hazelcast-platform-operator/hazelcast-platform-operator/test/e2e/helpers_test.go:424&#xA;2023-02-24T09:57:22.335381267Z&#xA;&amp;{Text:waiting for Map CR status Duration:69.513058ms}&#xA;--&#xA;By Step&#xA;/home/runner/work/hazelcast-platform-operator/hazelcast-platform-operator/test/e2e/hazelcast_wan_test.go:283&#xA;2023-02-24T09:57:22.404896725Z&#xA;&amp;{Text:creating first WAN configuration Duration:0s}&#xA;--&#xA;By Step&#xA;/home/runner/work/hazelcast-platform-operator/hazelcast-platform-operator/test/e2e/helpers_test.go:441&#xA;2023-02-24T09:57:22.482529871Z&#xA;&amp;{Text:waiting for Wan CR status Duration:1.100916239s}&#xA;--&#xA;By Step&#xA;/home/runner/work/hazelcast-platform-operator/hazelcast-platform-operator/test/e2e/helpers_test.go:458&#xA;2023-02-24T09:57:23.58345051Z&#xA;&amp;{Text:waiting for Wan CR status map length Duration:81.030366ms}&#xA;--&#xA;By Step&#xA;/home/runner/work/hazelcast-platform-operator/hazelcast-platform-operator/test/e2e/hazelcast_wan_test.go:291&#xA;2023-02-24T09:57:23.664482477Z&#xA;&amp;{Text:filling the maps in the source clusters Duration:0s}&#xA;--&#xA;By Step&#xA;/home/runner/work/hazelcast-platform-operator/hazelcast-platform-operator/test/e2e/client_port_forward_test.go:20&#xA;2023-02-24T09:57:23.664618081Z&#xA;&amp;{Text:filling the &#39;map11hw-7-mywpbh&#39; map with &#39;10&#39; entries using &#39;hz1-sourcehw-7-mywpbh&#39; lookup name and &#39;test-operator-ee&#39; namespace Duration:1.547647756s}&#xA;--&#xA;By Step&#xA;/home/runner/work/hazelcast-platform-operator/hazelcast-platform-operator/test/e2e/helpers_test.go:525&#xA;2023-02-24T09:57:23.944684587Z&#xA;&amp;{Text:creating Hazelcast client using address &#39;localhost:8901&#39; Duration:269.449431ms}&#xA;--&#xA;By Step&#xA;/home/runner/work/hazelcast-platform-operator/hazelcast-platform-operator/test/e2e/client_port_forward_test.go:20&#xA;2023-02-24T09:57:25.212276738Z&#xA;&amp;{Text:filling the &#39;map12hw-7-mywpbh&#39; map with &#39;10&#39; entries using &#39;hz1-sourcehw-7-mywpbh&#39; lookup name and &#39;test-operator-ee&#39; namespace Duration:1.503663303s}&#xA;--&#xA;By Step&#xA;/home/runner/work/hazelcast-platform-operator/hazelcast-platform-operator/test/e2e/helpers_test.go:525&#xA;2023-02-24T09:57:25.478429507Z&#xA;&amp;{Text:creating Hazelcast client using address &#39;localhost:8901&#39; Duration:274.351352ms}&#xA;--&#xA;By Step&#xA;/home/runner/work/hazelcast-platform-operator/hazelcast-platform-operator/test/e2e/client_port_forward_test.go:20&#xA;2023-02-24T09:57:26.715953941Z&#xA;&amp;{Text:filling the &#39;map21hw-7-mywpbh&#39; map with &#39;10&#39; entries using &#39;hz2-sourcehw-7-mywpbh&#39; lookup name and &#39;test-operator-ee&#39; namespace Duration:1.756820325s}&#xA;--&#xA;By Step&#xA;/home/runner/work/hazelcast-platform-operator/hazelcast-platform-operator/test/e2e/helpers_test.go:525&#xA;2023-02-24T09:57:26.999182899Z&#xA;&amp;{Text:creating Hazelcast client using address &#39;localhost:8901&#39; Duration:288.82805ms}&#xA;--&#xA;By Step&#xA;/home/runner/work/hazelcast-platform-operator/hazelcast-platform-operator/test/e2e/client_port_forward_test.go:20&#xA;2023-02-24T09:57:28.472786366Z&#xA;&amp;{Text:filling the &#39;map22hw-7-mywpbh&#39; map with &#39;10&#39; entries using &#39;hz2-sourcehw-7-mywpbh&#39; lookup name and &#39;test-operator-ee&#39; namespace Duration:1.550561819s}&#xA;--&#xA;By Step&#xA;/home/runner/work/hazelcast-platform-operator/hazelcast-platform-operator/test/e2e/helpers_test.go:525&#xA;2023-02-24T09:57:28.73471129Z&#xA;&amp;{Text:creating Hazelcast client using address &#39;localhost:8901&#39; Duration:277.529961ms}&#xA;--&#xA;By Step&#xA;/home/runner/work/hazelcast-platform-operator/hazelcast-platform-operator/test/e2e/hazelcast_wan_test.go:298&#xA;2023-02-24T09:57:30.023350985Z&#xA;&amp;{Text:checking the size of the maps in the target cluster Duration:0s}&#xA;--&#xA;By Step&#xA;/home/runner/work/hazelcast-platform-operator/hazelcast-platform-operator/test/e2e/client_port_forward_test.go:47&#xA;2023-02-24T09:57:30.023527391Z&#xA;&amp;{Text:waiting the &#39;map11hw-7-mywpbh&#39; map to be of size &#39;10&#39; using lookup name &#39;hz1-targethw-7-mywpbh&#39; Duration:866.841664ms}&#xA;--&#xA;By Step&#xA;/home/runner/work/hazelcast-platform-operator/hazelcast-platform-operator/test/e2e/helpers_test.go:525&#xA;2023-02-24T09:57:30.407846431Z&#xA;&amp;{Text:creating Hazelcast client using address &#39;localhost:8901&#39; Duration:289.632878ms}&#xA;--&#xA;By Step&#xA;/home/runner/work/hazelcast-platform-operator/hazelcast-platform-operator/test/e2e/client_port_forward_test.go:47&#xA;2023-02-24T09:57:30.890377355Z&#xA;&amp;{Text:waiting the &#39;map12hw-7-mywpbh&#39; map to be of size &#39;10&#39; using lookup name &#39;hz1-targethw-7-mywpbh&#39; Duration:725.594897ms}&#xA;--&#xA;By Step&#xA;/home/runner/work/hazelcast-platform-operator/hazelcast-platform-operator/test/e2e/helpers_test.go:525&#xA;2023-02-24T09:57:31.161287288Z&#xA;&amp;{Text:creating Hazelcast client using address &#39;localhost:8901&#39; Duration:275.824002ms}&#xA;--&#xA;By Step&#xA;/home/runner/work/hazelcast-platform-operator/hazelcast-platform-operator/test/e2e/client_port_forward_test.go:47&#xA;2023-02-24T09:57:31.615985753Z&#xA;&amp;{Text:waiting the &#39;map21hw-7-mywpbh&#39; map to be of size &#39;10&#39; using lookup name &#39;hz1-targethw-7-mywpbh&#39; Duration:697.438327ms}&#xA;--&#xA;By Step&#xA;/home/runner/work/hazelcast-platform-operator/hazelcast-platform-operator/test/e2e/helpers_test.go:525&#xA;2023-02-24T09:57:31.88903086Z&#xA;&amp;{Text:creating Hazelcast client using address &#39;localhost:8901&#39; Duration:271.103539ms}&#xA;--&#xA;By Step&#xA;/home/runner/work/hazelcast-platform-operator/hazelcast-platform-operator/test/e2e/client_port_forward_test.go:47&#xA;2023-02-24T09:57:32.313430881Z&#xA;&amp;{Text:waiting the &#39;map22hw-7-mywpbh&#39; map to be of size &#39;10&#39; using lookup name &#39;hz1-targethw-7-mywpbh&#39; Duration:757.320109ms}&#xA;--&#xA;By Step&#xA;/home/runner/work/hazelcast-platform-operator/hazelcast-platform-operator/test/e2e/helpers_test.go:525&#xA;2023-02-24T09:57:32.592403104Z&#xA;&amp;{Text:creating Hazelcast client using address &#39;localhost:8901&#39; Duration:283.192911ms}&#xA;--&#xA;By Step&#xA;/home/runner/work/hazelcast-platform-operator/hazelcast-platform-operator/test/e2e/hazelcast_wan_test.go:304&#xA;2023-02-24T09:57:33.07075989Z&#xA;&amp;{Text:stopping replicating all maps but map22 Duration:0s}&#xA;--&#xA;By Step&#xA;/home/runner/work/hazelcast-platform-operator/hazelcast-platform-operator/test/e2e/helpers_test.go:441&#xA;2023-02-24T09:57:33.070894395Z&#xA;&amp;{Text:waiting for Wan CR status Duration:71.61237ms}&#xA;--&#xA;By Step&#xA;/home/runner/work/hazelcast-platform-operator/hazelcast-platform-operator/test/e2e/helpers_test.go:458&#xA;2023-02-24T09:57:33.225185146Z&#xA;&amp;{Text:waiting for Wan CR status map length Duration:411.958057ms}&#xA;--&#xA;By Step&#xA;/home/runner/work/hazelcast-platform-operator/hazelcast-platform-operator/test/e2e/helpers_test.go:441&#xA;2023-02-24T09:57:33.637146703Z&#xA;&amp;{Text:waiting for Wan CR status Duration:69.870304ms}&#xA;--&#xA;By Step&#xA;/home/runner/work/hazelcast-platform-operator/hazelcast-platform-operator/test/e2e/client_port_forward_test.go:20&#xA;2023-02-24T09:57:33.707025808Z&#xA;&amp;{Text:filling the &#39;map22hw-7-mywpbh&#39; map with &#39;50&#39; entries using &#39;hz2-sourcehw-7-mywpbh&#39; lookup name and &#39;test-operator-ee&#39; namespace Duration:3.832167049s}&#xA;--&#xA;By Step&#xA;/home/runner/work/hazelcast-platform-operator/hazelcast-platform-operator/test/e2e/helpers_test.go:525&#xA;2023-02-24T09:57:33.980096887Z&#xA;&amp;{Text:creating Hazelcast client using address &#39;localhost:8901&#39; Duration:284.09159ms}&#xA;--&#xA;By Step&#xA;/home/runner/work/hazelcast-platform-operator/hazelcast-platform-operator/test/e2e/client_port_forward_test.go:20&#xA;2023-02-24T09:57:37.539203457Z&#xA;&amp;{Text:filling the &#39;map11hw-7-mywpbh&#39; map with &#39;50&#39; entries using &#39;hz1-sourcehw-7-mywpbh&#39; lookup name and &#39;test-operator-ee&#39; namespace Duration:3.854620471s}&#xA;--&#xA;By Step&#xA;/home/runner/work/hazelcast-platform-operator/hazelcast-platform-operator/test/e2e/helpers_test.go:525&#xA;2023-02-24T09:57:37.833671334Z&#xA;&amp;{Text:creating Hazelcast client using address &#39;localhost:8901&#39; Duration:276.87142ms}&#xA;--&#xA;By Step&#xA;/home/runner/work/hazelcast-platform-operator/hazelcast-platform-operator/test/e2e/client_port_forward_test.go:20&#xA;2023-02-24T09:57:41.393833429Z&#xA;&amp;{Text:filling the &#39;map12hw-7-mywpbh&#39; map with &#39;50&#39; entries using &#39;hz1-sourcehw-7-mywpbh&#39; lookup name and &#39;test-operator-ee&#39; namespace Duration:3.676055457s}&#xA;--&#xA;By Step&#xA;/home/runner/work/hazelcast-platform-operator/hazelcast-platform-operator/test/e2e/helpers_test.go:525&#xA;2023-02-24T09:57:41.651978437Z&#xA;&amp;{Text:creating Hazelcast client using address &#39;localhost:8901&#39; Duration:270.91897ms}&#xA;--&#xA;By Step&#xA;/home/runner/work/hazelcast-platform-operator/hazelcast-platform-operator/test/e2e/client_port_forward_test.go:20&#xA;2023-02-24T09:57:45.069918787Z&#xA;&amp;{Text:filling the &#39;map21hw-7-mywpbh&#39; map with &#39;50&#39; entries using &#39;hz2-sourcehw-7-mywpbh&#39; lookup name and &#39;test-operator-ee&#39; namespace Duration:3.801529287s}&#xA;--&#xA;By Step&#xA;/home/runner/work/hazelcast-platform-operator/hazelcast-platform-operator/test/e2e/helpers_test.go:525&#xA;2023-02-24T09:57:45.35007889Z&#xA;&amp;{Text:creating Hazelcast client using address &#39;localhost:8901&#39; Duration:267.651951ms}&#xA;--&#xA;By Step&#xA;/home/runner/work/hazelcast-platform-operator/hazelcast-platform-operator/test/e2e/hazelcast_wan_test.go:321&#xA;2023-02-24T09:57:48.871450374Z&#xA;&amp;{Text:checking the size of the maps in the target cluster Duration:0s}&#xA;--&#xA;By Step&#xA;/home/runner/work/hazelcast-platform-operator/hazelcast-platform-operator/test/e2e/client_port_forward_test.go:47&#xA;2023-02-24T09:57:48.871575779Z&#xA;&amp;{Text:waiting the &#39;map22hw-7-mywpbh&#39; map to be of size &#39;60&#39; using lookup name &#39;hz1-targethw-7-mywpbh&#39; Duration:684.494787ms}&#xA;--&#xA;By Step&#xA;/home/runner/work/hazelcast-platform-operator/hazelcast-platform-operator/test/e2e/helpers_test.go:525&#xA;2023-02-24T09:57:49.147884181Z&#xA;&amp;{Text:creating Hazelcast client using address &#39;localhost:8901&#39; Duration:270.341895ms}&#xA;--&#xA;By Step&#xA;/home/runner/work/hazelcast-platform-operator/hazelcast-platform-operator/test/e2e/client_port_forward_test.go:47&#xA;2023-02-24T09:57:49.556078466Z&#xA;&amp;{Text:waiting the &#39;map11hw-7-mywpbh&#39; map to be of size &#39;10&#39; using lookup name &#39;hz1-targethw-7-mywpbh&#39; Duration:686.469256ms}&#xA;--&#xA;By Step&#xA;/home/runner/work/hazelcast-platform-operator/hazelcast-platform-operator/test/e2e/helpers_test.go:525&#xA;2023-02-24T09:57:49.830371498Z&#xA;&amp;{Text:creating Hazelcast client using address &#39;localhost:8901&#39; Duration:269.238957ms}&#xA;--&#xA;By Step&#xA;/home/runner/work/hazelcast-platform-operator/hazelcast-platform-operator/test/e2e/client_port_forward_test.go:47&#xA;2023-02-24T09:57:50.242556323Z&#xA;&amp;{Text:waiting the &#39;map12hw-7-mywpbh&#39; map to be of size &#39;10&#39; using lookup name &#39;hz1-targethw-7-mywpbh&#39; Duration:678.157667ms}&#xA;--&#xA;By Step&#xA;/home/runner/work/hazelcast-platform-operator/hazelcast-platform-operator/test/e2e/helpers_test.go:525&#xA;2023-02-24T09:57:50.510169823Z&#xA;&amp;{Text:creating Hazelcast client using address &#39;localhost:8901&#39; Duration:268.901844ms}&#xA;--&#xA;By Step&#xA;/home/runner/work/hazelcast-platform-operator/hazelcast-platform-operator/test/e2e/client_port_forward_test.go:47&#xA;2023-02-24T09:57:50.92072199Z&#xA;&amp;{Text:waiting the &#39;map21hw-7-mywpbh&#39; map to be of size &#39;10&#39; using lookup name &#39;hz1-targethw-7-mywpbh&#39; Duration:680.445447ms}&#xA;--&#xA;By Step&#xA;/home/runner/work/hazelcast-platform-operator/hazelcast-platform-operator/test/e2e/helpers_test.go:525&#xA;2023-02-24T09:57:51.199080463Z&#xA;&amp;{Text:creating Hazelcast client using address &#39;localhost:8901&#39; Duration:261.666594ms}&#xA;</system-out>
              <system-err>[BeforeEach] Hazelcast WAN&#xA;  /home/runner/work/hazelcast-platform-operator/hazelcast-platform-operator/test/e2e/hazelcast_wan_test.go:19&#xA;�[1mSTEP:�[0m checking hazelcast-platform-controller-manager running �[38;5;243m02/24/23 09:56:48.953�[0m&#xA;[It] should stop replicating to target cluster&#xA;  /home/runner/work/hazelcast-platform-operator/hazelcast-platform-operator/test/e2e/hazelcast_wan_test.go:260&#xA;�[1mSTEP:�[0m setting the label and CR with name &#39;hw-7-mywpbh&#39; �[38;5;243m02/24/23 09:56:49.023�[0m&#xA;�[1mSTEP:�[0m creating Hazelcast CR �[38;5;243m02/24/23 09:56:49.023�[0m&#xA;�[1mSTEP:�[0m creating Hazelcast CR �[38;5;243m02/24/23 09:56:49.099�[0m&#xA;�[1mSTEP:�[0m creating Hazelcast CR �[38;5;243m02/24/23 09:56:49.175�[0m&#xA;�[1mSTEP:�[0m evaluate number of ready members for lookup name &#39;hz2-sourcehw-7-mywpbh&#39; and &#39;test-operator-ee&#39; namespace �[38;5;243m02/24/23 09:56:49.253�[0m&#xA;�[1mSTEP:�[0m evaluate number of ready members for lookup name &#39;hz1-targethw-7-mywpbh&#39; and &#39;test-operator-ee&#39; namespace �[38;5;243m02/24/23 09:57:20.472�[0m&#xA;�[1mSTEP:�[0m evaluate number of ready members for lookup name &#39;hz1-sourcehw-7-mywpbh&#39; and &#39;test-operator-ee&#39; namespace �[38;5;243m02/24/23 09:57:20.61�[0m&#xA;�[1mSTEP:�[0m waiting for Map CR status �[38;5;243m02/24/23 09:57:21.088�[0m&#xA;�[1mSTEP:�[0m waiting for Map CR status �[38;5;243m02/24/23 09:57:21.512�[0m&#xA;�[1mSTEP:�[0m waiting for Map CR status �[38;5;243m02/24/23 09:57:22.092�[0m&#xA;�[1mSTEP:�[0m waiting for Map CR status �[38;5;243m02/24/23 09:57:22.335�[0m&#xA;�[1mSTEP:�[0m creating first WAN configuration �[38;5;243m02/24/23 09:57:22.404�[0m&#xA;�[1mSTEP:�[0m waiting for Wan CR status �[38;5;243m02/24/23 09:57:22.482�[0m&#xA;�[1mSTEP:�[0m waiting for Wan CR status map length �[38;5;243m02/24/23 09:57:23.583�[0m&#xA;�[1mSTEP:�[0m filling the maps in the source clusters �[38;5;243m02/24/23 09:57:23.664�[0m&#xA;�[1mSTEP:�[0m filling the &#39;map11hw-7-mywpbh&#39; map with &#39;10&#39; entries using &#39;hz1-sourcehw-7-mywpbh&#39; lookup name and &#39;test-operator-ee&#39; namespace �[38;5;243m02/24/23 09:57:23.664�[0m&#xA;�[1mSTEP:�[0m creating Hazelcast client using address &#39;localhost:8901&#39; �[38;5;243m02/24/23 09:57:23.944�[0m&#xA;�[1mSTEP:�[0m filling the &#39;map12hw-7-mywpbh&#39; map with &#39;10&#39; entries using &#39;hz1-sourcehw-7-mywpbh&#39; lookup name and &#39;test-operator-ee&#39; namespace �[38;5;243m02/24/23 09:57:25.212�[0m&#xA;�[1mSTEP:�[0m creating Hazelcast client using address &#39;localhost:8901&#39; �[38;5;243m02/24/23 09:57:25.478�[0m&#xA;�[1mSTEP:�[0m filling the &#39;map21hw-7-mywpbh&#39; map with &#39;10&#39; entries using &#39;hz2-sourcehw-7-mywpbh&#39; lookup name and &#39;test-operator-ee&#39; namespace �[38;5;243m02/24/23 09:57:26.715�[0m&#xA;�[1mSTEP:�[0m creating Hazelcast client using address &#39;localhost:8901&#39; �[38;5;243m02/24/23 09:57:26.999�[0m&#xA;�[1mSTEP:�[0m filling the &#39;map22hw-7-mywpbh&#39; map with &#39;10&#39; entries using &#39;hz2-sourcehw-7-mywpbh&#39; lookup name and &#39;test-operator-ee&#39; namespace �[38;5;243m02/24/23 09:57:28.472�[0m&#xA;�[1mSTEP:�[0m creating Hazelcast client using address &#39;localhost:8901&#39; �[38;5;243m02/24/23 09:57:28.734�[0m&#xA;�[1mSTEP:�[0m checking the size of the maps in the target cluster �[38;5;243m02/24/23 09:57:30.023�[0m&#xA;�[1mSTEP:�[0m waiting the &#39;map11hw-7-mywpbh&#39; map to be of size &#39;10&#39; using lookup name &#39;hz1-targethw-7-mywpbh&#39; �[38;5;243m02/24/23 09:57:30.023�[0m&#xA;�[1mSTEP:�[0m creating Hazelcast client using address &#39;localhost:8901&#39; �[38;5;243m02/24/23 09:57:30.407�[0m&#xA;�[1mSTEP:�[0m waiting the &#39;map12hw-7-mywpbh&#39; map to be of size &#39;10&#39; using lookup name &#39;hz1-targethw-7-mywpbh&#39; �[38;5;243m02/24/23 09:57:30.89�[0m&#xA;�[1mSTEP:�[0m creating Hazelcast client using address &#39;localhost:8901&#39; �[38;5;243m02/24/23 09:57:31.161�[0m&#xA;�[1mSTEP:�[0m waiting the &#39;map21hw-7-mywpbh&#39; map to be of size &#39;10&#39; using lookup name &#39;hz1-targethw-7-mywpbh&#39; �[38;5;243m02/24/23 09:57:31.615�[0m&#xA;�[1mSTEP:�[0m creating Hazelcast client using address &#39;localhost:8901&#39; �[38;5;243m02/24/23 09:57:31.889�[0m&#xA;�[1mSTEP:�[0m waiting the &#39;map22hw-7-mywpbh&#39; map to be of size &#39;10&#39; using lookup name &#39;hz1-targethw-7-mywpbh&#39; �[38;5;243m02/24/23 09:57:32.313�[0m&#xA;�[1mSTEP:�[0m creating Hazelcast client using address &#39;localhost:8901&#39; �[38;5;243m02/24/23 09:57:32.592�[0m&#xA;�[1mSTEP:�[0m stopping replicating all maps but map22 �[38;5;243m02/24/23 09:57:33.07�[0m&#xA;�[1mSTEP:�[0m waiting for Wan CR status �[38;5;243m02/24/23 09:57:33.07�[0m&#xA;�[1mSTEP:�[0m waiting for Wan CR status map length �[38;5;243m02/24/23 09:57:33.225�[0m&#xA;�[1mSTEP:�[0m waiting for Wan CR status �[38;5;243m02/24/23 09:57:33.637�[0m&#xA;�[1mSTEP:�[0m filling the &#39;map22hw-7-mywpbh&#39; map with &#39;50&#39; entries using &#39;hz2-sourcehw-7-mywpbh&#39; lookup name and &#39;test-operator-ee&#39; namespace �[38;5;243m02/24/23 09:57:33.707�[0m&#xA;�[1mSTEP:�[0m creating Hazelcast client using address &#39;localhost:8901&#39; �[38;5;243m02/24/23 09:57:33.98�[0m&#xA;�[1mSTEP:�[0m filling the &#39;map11hw-7-mywpbh&#39; map with &#39;50&#39; entries using &#39;hz1-sourcehw-7-mywpbh&#39; lookup name and &#39;test-operator-ee&#39; namespace �[38;5;243m02/24/23 09:57:37.539�[0m&#xA;�[1mSTEP:�[0m creating Hazelcast client using address &#39;localhost:8901&#39; �[38;5;243m02/24/23 09:57:37.833�[0m&#xA;�[1mSTEP:�[0m filling the &#39;map12hw-7-mywpbh&#39; map with &#39;50&#39; entries using &#39;hz1-sourcehw-7-mywpbh&#39; lookup name and &#39;test-operator-ee&#39; namespace �[38;5;243m02/24/23 09:57:41.393�[0m&#xA;�[1mSTEP:�[0m creating Hazelcast client using address &#39;localhost:8901&#39; �[38;5;243m02/24/23 09:57:41.651�[0m&#xA;�[1mSTEP:�[0m filling the &#39;map21hw-7-mywpbh&#39; map with &#39;50&#39; entries using &#39;hz2-sourcehw-7-mywpbh&#39; lookup name and &#39;test-operator-ee&#39; namespace �[38;5;243m02/24/23 09:57:45.069�[0m&#xA;�[1mSTEP:�[0m creating Hazelcast client using address &#39;localhost:8901&#39; �[38;5;243m02/24/23 09:57:45.35�[0m&#xA;�[1mSTEP:�[0m checking the size of the maps in the target cluster �[38;5;243m02/24/23 09:57:48.871�[0m&#xA;�[1mSTEP:�[0m waiting the &#39;map22hw-7-mywpbh&#39; map to be of size &#39;60&#39; using lookup name &#39;hz1-targethw-7-mywpbh&#39; �[38;5;243m02/24/23 09:57:48.871�[0m&#xA;�[1mSTEP:�[0m creating Hazelcast client using address &#39;localhost:8901&#39; �[38;5;243m02/24/23 09:57:49.147�[0m&#xA;�[1mSTEP:�[0m waiting the &#39;map11hw-7-mywpbh&#39; map to be 
[...]
              <system-out>&#xA;Report Entries:&#xA;By Step&#xA;/home/runner/work/hazelcast-platform-operator/hazelcast-platform-operator/test/e2e/hazelcast_wan_test.go:26&#xA;2023-02-24T09:55:20.641282091Z&#xA;&amp;{Text:checking hazelcast-platform-controller-manager running Duration:68.743139ms}&#xA;--&#xA;By Step&#xA;/home/runner/work/hazelcast-platform-operator/hazelcast-platform-operator/test/e2e/custom_resource_test.go:55&#xA;2023-02-24T09:55:20.710065832Z&#xA;&amp;{Text:setting the label and CR with name &#39;hw-1-dc144t&#39; Duration:0s}&#xA;--&#xA;CR_ID:hw-1-dc144t&#xA;/home/runner/work/hazelcast-platform-operator/hazelcast-platform-operator/test/e2e/custom_resource_test.go:73&#xA;2023-02-24T09:55:20.710143235Z&#xA;--&#xA;By Step&#xA;/home/runner/work/hazelcast-platform-operator/hazelcast-platform-operator/test/e2e/helpers_test.go:150&#xA;2023-02-24T09:55:20.710149835Z&#xA;&amp;{Text:creating Hazelcast CR Duration:80.2892ms}&#xA;--&#xA;By Step&#xA;/home/runner/work/hazelcast-platform-operator/hazelcast-platform-operator/test/e2e/helpers_test.go:150&#xA;2023-02-24T09:55:20.790442835Z&#xA;&amp;{Text:creating Hazelcast CR Duration:76.422046ms}&#xA;--&#xA;By Step&#xA;/home/runner/work/hazelcast-platform-operator/hazelcast-platform-operator/test/e2e/helpers_test.go:394&#xA;2023-02-24T09:55:20.866871381Z&#xA;&amp;{Text:evaluate number of ready members for lookup name &#39;src-hw-1-dc144t&#39; and &#39;test-operator-ee&#39; namespace Duration:30.90354569s}&#xA;--&#xA;By Step&#xA;/home/runner/work/hazelcast-platform-operator/hazelcast-platform-operator/test/e2e/helpers_test.go:394&#xA;2023-02-24T09:55:51.770421571Z&#xA;&amp;{Text:evaluate number of ready members for lookup name &#39;trg-hw-1-dc144t&#39; and &#39;test-operator-ee&#39; namespace Duration:143.389193ms}&#xA;--&#xA;By Step&#xA;/home/runner/work/hazelcast-platform-operator/hazelcast-platform-operator/test/e2e/helpers_test.go:424&#xA;2023-02-24T09:55:51.990126672Z&#xA;&amp;{Text:waiting for Map CR status Duration:242.133833ms}&#xA;--&#xA;By Step&#xA;/home/runner/work/hazelcast-platform-operator/hazelcast-platform-operator/test/e2e/hazelcast_wan_test.go:56&#xA;2023-02-24T09:55:52.232263105Z&#xA;&amp;{Text:creating WAN configuration Duration:0s}&#xA;--&#xA;By Step&#xA;/home/runner/work/hazelcast-platform-operator/hazelcast-platform-operator/test/e2e/helpers_test.go:441&#xA;2023-02-24T09:55:52.316927898Z&#xA;&amp;{Text:waiting for Wan CR status Duration:408.113163ms}&#xA;--&#xA;By Step&#xA;/home/runner/work/hazelcast-platform-operator/hazelcast-platform-operator/test/e2e/helpers_test.go:458&#xA;2023-02-24T09:55:52.725043361Z&#xA;&amp;{Text:waiting for Wan CR status map length Duration:68.912269ms}&#xA;--&#xA;By Step&#xA;/home/runner/work/hazelcast-platform-operator/hazelcast-platform-operator/test/e2e/hazelcast_wan_test.go:62&#xA;2023-02-24T09:55:52.79395743Z&#xA;&amp;{Text:checking the size of the maps in the target cluster Duration:0s}&#xA;--&#xA;By Step&#xA;/home/runner/work/hazelcast-platform-operator/hazelcast-platform-operator/test/e2e/client_port_forward_test.go:20&#xA;2023-02-24T09:55:52.794076635Z&#xA;&amp;{Text:filling the &#39;hw-1-dc144t&#39; map with &#39;1024&#39; entries using &#39;src-hw-1-dc144t&#39; lookup name and &#39;test-operator-ee&#39; namespace Duration:0s}&#xA;--&#xA;By Step&#xA;/home/runner/work/hazelcast-platform-operator/hazelcast-platform-operator/test/e2e/helpers_test.go:525&#xA;2023-02-24T09:55:53.061573634Z&#xA;&amp;{Text:creating Hazelcast client using address &#39;localhost:8902&#39; Duration:272.111011ms}&#xA;</system-out>
              <system-err>[BeforeEach] Hazelcast WAN&#xA;  /home/runner/work/hazelcast-platform-operator/hazelcast-platform-operator/test/e2e/hazelcast_wan_test.go:19&#xA;�[1mSTEP:�[0m checking hazelcast-platform-controller-manager running �[38;5;243m02/24/23 09:55:20.641�[0m&#xA;[It] should send data to another cluster&#xA;  /home/runner/work/hazelcast-platform-operator/hazelcast-platform-operator/test/e2e/hazelcast_wan_test.go:45&#xA;�[1mSTEP:�[0m setting the label and CR with name &#39;hw-1-dc144t&#39; �[38;5;243m02/24/23 09:55:20.71�[0m&#xA;�[1mSTEP:�[0m creating Hazelcast CR �[38;5;243m02/24/23 09:55:20.71�[0m&#xA;�[1mSTEP:�[0m creating Hazelcast CR �[38;5;243m02/24/23 09:55:20.79�[0m&#xA;�[1mSTEP:�[0m evaluate number of ready members for lookup name &#39;src-hw-1-dc144t&#39; and &#39;test-operator-ee&#39; namespace �[38;5;243m02/24/23 09:55:20.866�[0m&#xA;�[1mSTEP:�[0m evaluate number of ready members for lookup name &#39;trg-hw-1-dc144t&#39; and &#39;test-operator-ee&#39; namespace �[38;5;243m02/24/23 09:55:51.77�[0m&#xA;�[1mSTEP:�[0m waiting for Map CR status �[38;5;243m02/24/23 09:55:51.99�[0m&#xA;�[1mSTEP:�[0m creating WAN configuration �[38;5;243m02/24/23 09:55:52.232�[0m&#xA;�[1mSTEP:�[0m waiting for Wan CR status �[38;5;243m02/24/23 09:55:52.316�[0m&#xA;�[1mSTEP:�[0m waiting for Wan CR status map length �[38;5;243m02/24/23 09:55:52.725�[0m&#xA;�[1mSTEP:�[0m checking the size of the maps in the target cluster �[38;5;243m02/24/23 09:55:52.793�[0m&#xA;�[1mSTEP:�[0m filling the &#39;hw-1-dc144t&#39; map with &#39;1024&#39; entries using &#39;src-hw-1-dc144t&#39; lookup name and &#39;test-operator-ee&#39; namespace �[38;5;243m02/24/23 09:55:52.794�[0m&#xA;�[1mSTEP:�[0m creating Hazelcast client using address &#39;localhost:8902&#39; �[38;5;243m02/24/23 09:55:53.061�[0m&#xA;[AfterEach] Hazelcast WAN&#xA;  /home/runner/work/hazelcast-platform-operator/hazelcast-platform-operator/test/e2e/hazelcast_wan_test.go:34&#xA;Aftereach start time is 2023-02-24 10:54:06.682442549 +0000 UTC m=+4228.029631692&#xA;Started aftereach function for hzLookupkey : &#39;test-operator-ee/hw-1-dc144t&#39;&#xA;## KUBECTL GET CLUSTER WIDE RESOURCES&#xA;  NAME                                     STATUS   ROLES   AGE   VERSION&#xA;  node/aks-nodepool1-11295510-vmss000000   Ready    agent   76m   v1.24.9&#xA;  node/aks-nodepool1-11295510-vmss000001   Ready    agent   76m   v1.24.9&#xA;  node/aks-nodepool1-11295510-vmss000002   Ready    agent   76m   v1.24.9&#xA;  &#xA;  NAME                                                                                                       WEBHOOKS   AGE&#xA;  validatingwebhookconfiguration.admissionregistration.k8s.io/aks-node-validating-webhook                    1          76m&#xA;  validatingwebhookconfiguration.admissionregistration.k8s.io/hp-ee-4261116783-hazelcast-platform-operator   11         73m&#xA;  &#xA;## KUBECTL GET CRS RELATED TO TEST OUTPUT WIDE&#xA;  NAMESPACE          NAME                                      STATUS    MEMBERS   EXTERNAL-ADDRESSES   MESSAGE&#xA;  test-operator-ee   hazelcast.hazelcast.com/src-hw-1-dc144t   Running   1/1                            &#xA;  test-operator-ee   hazelcast.hazelcast.com/trg-hw-1-dc144t   Running   1/1                            &#xA;  &#xA;  NAMESPACE          NAME                            STATUS    MESSAGE&#xA;  test-operator-ee   map.hazelcast.com/hw-1-dc144t   Success   &#xA;  &#xA;  NAMESPACE          NAME                                       STATUS    MESSAGE&#xA;  test-operator-ee   wanreplication.hazelcast.com/hw-1-dc144t   Success   &#xA;  &#xA;## KUBECTL GET ALL IN NAMESPACE test-operator-ee&#xA;  NAME                                                               READY   STATUS    RESTARTS   AGE   IP            NODE                                NOMINATED NODE   READINESS GATES&#xA;  pod/hp-ee-4261116783-hazelcast-platform-operator-db895bcb4-jl4hb   1/1     Running   0          73m   10.244.0.7    aks-nodepool1-11295510-vmss000002   &lt;none&gt;           &lt;none&gt;&#xA;  pod/src-hw-1-dc144t-0                                              2/2     Running   0          58m   10.244.0.69   aks-nodepool1-11295510-vmss000002   &lt;none&gt;           &lt;none&gt;&#xA;  pod/trg-hw-1-dc144t-0                                              2/2     Running   0          58m   10.244.1.70   aks-nodepool1-11295510-vmss000000   &lt;none&gt;           &lt;none&gt;&#xA;  &#xA;  NAME                                                   TYPE        CLUSTER-IP     EXTERNAL-IP   PORT(S)    AGE   SELECTOR&#xA;  service/hp-ee-4261116783-hazelcast-platform-operator   ClusterIP   10.0.183.170   &lt;none&gt;        443/TCP    73m   app.kubernetes.io/instance=hp-ee-4261116783,app.kubernetes.io/name=hazelcast-platform-operator&#xA;  service/src-hw-1-dc144t                                ClusterIP   None           &lt;none&gt;        5701/TCP   58m   app.kubernetes.io/instance=src-hw-1-dc144t,app.kubernetes.io/managed-by=hazelcast-platform-operator,app.kubernetes.io/name=hazelcast&#xA;  service/trg-hw-1-dc144t                                ClusterIP   None           &lt;none&gt;        5701/TCP   58m   app.kubernetes.io/instance=trg-hw-1-dc144t,app.kubernetes.io/managed-by=hazelcast-platform-operator,app.kubernetes.io/name=hazelcast&#xA;  &#xA;  NAME                                                           READY   UP-TO-DATE   AVAILABLE   AGE   CONTAINERS   IMAGES                                                                                                     SELECTOR&#xA;  deployment.apps/hp-ee-4261116783-hazelcast-platform-operator   1/1     1            1           73m   manager      us-east1-docker.pkg.dev/hazelcast-33/hazelcast-platform-operator/022ecc52-b7d6-4ff6-84d3-ea21e718837b:5d   app.kubernetes.io/instance=hp-ee-4261116783,app.kubernetes.io/name=hazelcast-platform-operator&#xA;  &#xA;  NAME                                                                     DESIRED   CURRENT   READY   AGE   CONTAINERS   IMAGES                                                                                                     SELECTOR&#xA;  replicaset.apps/hp-ee-4261116783-hazelcast-platform-operator-db895bcb4   1         1         1       73m   manager      us-east1-docker.pkg.dev/hazelcast-33/hazelcast-platform-operator/022ecc52-b7d6-4ff6-84d3-ea21e718837b:5d   app.kubernetes.io/instance=hp-ee-4261116783,app.kubernetes.io/name=hazelcast-platform-operator,pod-template-hash=db895bcb4&#xA;  &#xA;  NAME                               READY   AGE   CONTAINERS                IMAGES&#xA;  statefulset.apps/src-hw-1-dc144t   1/1     58m   hazelcast,sidecar-agent   docker.io/hazelcast/hazelcast-enterprise:5.2.1,docker.io/hazelcast/platform-operator-agent:0.1.15&#xA;  statefulset.apps/trg-hw-1-dc144t   1/1     58m   hazelcast,sidecar-agent   docker.io/hazelcast/hazelcast-enterprise:5.2.1,docker.io/hazelcast/platform-operator-agent:0.1.15&#xA;  &#xA;## KUBECTL GET CRS RELATED TO TEST OUTPUT YAML&#xA;  apiVersion: v1&#xA;  items:&#xA;  - apiVersion: hazelcast.com/v1alpha1&#xA;    kind: Hazelcast&#xA;    metadata:&#xA;      annotations:&#xA;        hazelcast.com/last-successful-spec: &#39;{&#34;clusterSize&#34;:1,&#34;repository&#34;:&#34;docker.io/hazelcast/hazelcast-enterprise&#34;,&#34;version&#34;:&#34;5.2.1&#34;,&#34;imagePullPolicy&#34;:&#34;IfNotPresent&#34;,&#34;licenseKeySecret&#34;:&#34;hazelcast-license-key&#34;,&#34;clusterName&#34;:&#34;src-hw-1-dc144t&#34;,&#34;scheduling&#34;:{},&#34;resources&#34;:{},&#34;agent&#34;:{&#34;repository&#34;:&#34;docker.io/hazelcast/platform-operator-agent&#34;,&#34;version&#34;:&#34;0.1.15&#34;},&#34;jet&#34;:{&#34;enabled&#34;:true,&#34;resourceUploadEnabled&#34;:false},&#34;userCodeDeployment&#34;:{},&#34;loggingLevel&#34;:&#34;DEBUG&#34;}&#39;&#xA;      creationTimestamp: &#34;2023-02-24T09:55:20Z&#34;&#xA;      finalizers:&#xA;      - hazelcast.com/finalizer&#xA;      generation: 1&#xA;      labels:&#xA;        test_suite: hw-1-dc144t&#xA;      name: src-hw-1-dc144t&#xA;      namespace: test-operator-ee&#xA;      resourceVersion: &#34;20719&#34;&#xA;      uid: 3fbdb776-fd17-4425-a540-a2cda2f50a31&#xA;    spec:&#xA;      agent:&#xA;        repository: docker.io/hazelcast/platform-operator-agent&#xA;        version: 0.1.15&#xA;      clusterName: src-hw-1-dc144t&#xA;      clusterSize: 1&#xA;      imagePullPolicy: IfNotPresent&#xA;      jet:&#xA;        enabled: true&#xA;        resourceUploadEnabled: false&#xA;      licenseKeySecret: hazelcast-license-key&#xA;      loggingLevel: DEBUG&#xA;      repository: docker.io/hazelcast/hazelcast-enterprise&#xA;      resources: {}&#xA;      scheduling: {}&#xA;      userCodeDeployment: {}&#xA;      version: 5.2.1&#xA;    status:&#xA;      hazelcastClusterStatus:&#xA;        readyMembers: 1/1&#xA;      members:&#xA;      - connected: true&#xA;        ip: 10.244.0.69&#xA;        master: true&#xA;        podName: src-hw-1-dc144t-0&#xA;        restartCount: 0&#xA;        state: ACTIVE&#xA;        uid: 048e5b95-b2b6-4ee3-8e13-a85395341cb8&#xA;        version: 5.2.1&#xA;      phase: Running&#xA;      restore: {}&#xA;  - apiVersion: hazelcast.com/v1alpha1&#xA;    kind: Hazelcast&#xA;    metadata:&#xA;      annotations:&#xA;        hazelcast.com/last-successful-spec: &#39;{&#34;clusterSize&#34;:1,&#34;repository&#34;:&#34;docker.io/hazelcast/hazelcast-enterprise&#34;,&#34;version&#34;:&#34;5.2.1&#34;,&#34;imagePullPolicy&#34;:&#34;IfNotPresent&#34;,&#34;licenseKeySecret&#34;:&#34;hazelcast-license-key&#34;,&#34;clusterName&#34;:&#34;trg-hw-1-dc144t&#34;,&#34;scheduling&#34;:{},&#34;resources&#34;:{},&#34;agent&#34;:{&#34;repository&#34;:&#34;docker.io/hazelcast/platform-operator-agent&#34;,&#34;version&#34;:&#34;0.1.15&#34;},&#34;jet&#34;:{&#34;enabled&#34;:true,&#34;resourceUploadEnabled&#34;:false},&#34;userCodeDeployment&#34;:{},&#34;loggingLevel&#34;:&#34;DEBUG&#34;}&#39;&#xA;      creationTimestamp: &#34;2023-02-24T09:55:20Z&#34;&#xA;      finalizers:&#xA;      - hazelcast.com/finalizer&#xA;      generation: 1&#xA;      labels:&#xA;        test_suite: hw-1-dc144t&#xA;      name: trg-hw-1-dc144t&#xA;      namespace: test-operator-ee&#xA;      resourceVersion: &#34;20722&#34;&#xA;      uid: 45bcadaa-b0e7-43ce-a1fb-cb94fefea753&#xA;    spec:&#xA;      agent:&#xA;        repository: docker.io/hazelcast/platform-operator-agent&#xA;        version: 0.1.15&#xA;      clusterName: trg-hw-1-dc144t&#xA;      clusterSize: 1&#xA;      imagePullPolicy: IfNotPresent&#xA;      jet:&#xA;        enabled: true&#xA;        resourceUploadEnabled: false&#xA;      licenseKeySecret: hazelcast-license-key&#xA;      loggingLevel: DEBUG&#xA;      repository: docker.io/hazelcast/hazelcast-enterprise&#xA;      resources: {}&#xA;      scheduling: {}&#xA;      userCodeDeployment: {}&#xA;      version: 5.2.1&#xA;    status:&#xA;      hazelcastClusterStatus:&#xA;        readyMembers: 1/1&#xA;      members:&#xA;      - connected: true&#xA;        ip: 10.244.1.70&#xA;        master: true&#xA;        podName: trg-hw-1-dc144t-0&#xA;        restartCount: 0&#xA;        state: ACTIVE&#xA;        uid: 68865184-4e1e-45c7-9ec6-a3b445e34651&#xA;        version: 5.2.1&#xA;      phase: Running&#xA;      restore: {}&#xA;  - apiVersion: hazelcast.com/v1alpha1&#xA;    kind: Map&#xA;    metadata:&#xA;      annotations:&#xA;        hazelcast.com/last-successful-spec: &#39;{&#34;hazelcastResourceName&#34;:&#34;src-hw-1-dc144t&#34;,&#34;backupCount&#34;:1,&#34;asyncBackupCount&#34;:0,&#34;timeToLiveSeconds&#34;:0,&#34;maxIdleSeconds&#34;:0,&#34;eviction&#34;:{&#34;evictionPolicy&#34;:&#34;NONE&#34;,&#34;maxSize&#34;:0,&#34;maxSizePolicy&#34;:&#34;PER_NODE&#34;},&#34;persistenceEnabled&#34;:false,&#34;inMemoryFormat&#34;:&#34;BINARY&#34;}&#39;&#xA;      creationTimestamp: &#34;2023-02-24T09:55:51Z&#34;&#xA;      finalizers:&#xA;      - hazelcast.com/finalizer&#xA;      - hazelcast.com/wan-replicated-map&#xA;      generation: 1&#xA;      labels:&#xA;        test_suite: hw-1-dc144t&#xA;      name: hw-1-dc144t&#xA;      namespace: test-operator-ee&#xA;      ownerReferences:&#xA;      - apiVersion: hazelcast.com/v1alpha1&#xA;        kind: WanReplication&#xA;        name: hw-1-dc144t&#xA;        uid: 50164d3a-2870-4af2-b3a6-ae1987bd2629&#xA;      resourceVersion: &#34;20737&#34;&#xA;      uid: cb50748d-c063-4532-ae48-7864f1ed0f50&#xA;    spec:&#xA;      asyncBackupCount: 0&#xA;      backupCount: 1&#xA;      eviction:&#xA;        evictionPolicy: NONE&#xA;        maxSize: 0&#xA;        maxSizePolicy: PER_NODE&#xA;      hazelcastResourceName: src-hw-1-dc144t&#xA;      inMemoryFormat: BINARY&#xA;      maxIdleSeconds: 0&#xA;      persistenceEnabled: false&#xA;      timeToLiveSeconds: 0&#xA;    status:&#xA;      state: Success&#xA;  - apiVersion: hazelcast.com/v1alpha1&#xA;    kind: WanReplication&#xA;    metadata:&#xA;      annotations:&#xA;        hazelcast.com/last-successful-spec: &#39;{&#34;resources&#34;:[{&#34;name&#34;:&#34;hw-1-dc144t&#34;,&#34;kind&#34;:&#34;Map&#34;}],&#34;targetClusterName&#34;:&#34;trg-hw-1-dc144t&#34;,&#34;endpoints&#34;:&#34;trg-hw-1-dc144t.test-operator-ee.svc.cluster.local:5701&#34;,&#34;queue&#34;:{&#34;capacity&#34;:10000,&#34;fullBehavior&#34;:&#34;DISCARD_AFTER_MUTATION&#34;},&#34;batch&#34;:{&#34;size&#34;:500,&#34;maximumDelay&#34;:1000},&#34;acknowledgement&#34;:{&#34;type&#34;:&#34;ACK_ON_OPERATION_COMPLETE&#34;,&#34;timeout&#34;:60000}}&#39;&#xA;      creationTimestamp: &#34;2023-02-24T09:55:52Z&#34;&#xA;      finalizers:&#xA;      - hazelcast.com/finalizer&#xA;      generation: 1&#xA;      labels:&#xA;        test_suite: hw-1-dc144t&#xA;      name: hw-1-dc144t&#xA;      namespace: test-operator-ee&#xA;      resourceVersion: &#34;20741&#34;&#xA;      uid: 50164d3a-2870-4af2-b3a6-ae1987bd2629&#xA;    spec:&#xA;      acknowledgement:&#xA;        timeout: 60000&#xA;        type: ACK_ON_OPERATION_COMPLETE&#xA;      batch:&#xA;        maximumDelay: 1000&#xA;        size: 500&#xA;      endpoints: trg-hw-1-dc144t.test-operator-ee.svc.cluster.local:5701&#xA;      queue:&#xA;        capacity: 10000&#xA;        fullBehavior: DISCARD_AFTER_MUTATION&#xA;      resources:&#xA;      - kind: Map&#xA;        name: hw-1-dc144t&#xA;      targetClusterName: trg-hw-1-dc144t&#xA;    status:&#xA;      status: Success&#xA;      wanReplicationMapsStatus:&#xA;        src-hw-1-dc144t__hw-1-dc144t:&#xA;          publisherId: hw-1-dc144t-src-hw-1-dc144t__hw-1-dc144t&#xA;          resourceName: hw-1-dc144t&#xA;          status: Success&#xA;  kind: List&#xA;  metadata:&#xA;    resourceVersion: &#34;&#34;&#xA;  &#xA;Current Ginkgo Spec Report State is: interrupted&#xA;Aftereach end time is 2023-02-24 10:54:11.1725174 +0000 UTC m=+4232.519706443&#xA;</system-err>
          </testcase>
          <testcase name="[AfterSuite]" classname="Operator Suite EE" status="passed" time="0.00118515">
              <system-out>&#xA;Report Entries:&#xA;By Step&#xA;/home/runner/work/hazelcast-platform-operator/hazelcast-platform-operator/test/e2e/e2e_suite_test.go:57&#xA;2023-02-24T10:54:11.174778896Z&#xA;&amp;{Text:tearing down the test environment Duration:0s}&#xA;</system-out>
              <system-err>[AfterSuite] TOP-LEVEL&#xA;  /home/runner/work/hazelcast-platform-operator/hazelcast-platform-operator/test/e2e/e2e_suite_test.go:56&#xA;�[1mSTEP:�[0m tearing down the test environment �[38;5;243m02/24/23 10:54:11.174�[0m&#xA;</system-err>
          </testcase>
      </testsuite>
  </testsuites>